# JRE version: OpenJDK Runtime Environment (8.0_202-b03) (build 1.8.0_202-release-1483-b03)
# Java VM: OpenJDK 64-Bit Server VM (25.202-b03 mixed mode windows-amd64 compressed oops)
Heap:
 PSYoungGen      total 158720K, used 62523K [0x00000000e0000000, 0x00000000ec680000, 0x0000000100000000)
  eden space 137728K, 30% used [0x00000000e0000000,0x00000000e2896948,0x00000000e8680000)
  from space 20992K, 99% used [0x00000000e8680000,0x00000000e9af84a0,0x00000000e9b00000)
  to   space 22016K, 0% used [0x00000000eb100000,0x00000000eb100000,0x00000000ec680000)
 ParOldGen       total 286208K, used 61452K [0x00000000a0000000, 0x00000000b1780000, 0x00000000e0000000)
  object space 286208K, 21% used [0x00000000a0000000,0x00000000a3c032c8,0x00000000b1780000)
 Metaspace       used 74399K, capacity 77536K, committed 77656K, reserved 1116160K
  class space    used 10019K, capacity 10743K, committed 10840K, reserved 1048576K
GC Heap History (10 events):
Event: 7.615 GC heap before
{Heap before GC invocations=12 (full 3):
 PSYoungGen      total 137728K, used 17380K [0x00000000e0000000, 0x00000000eb680000, 0x0000000100000000)
  eden space 120320K, 0% used [0x00000000e0000000,0x00000000e0000000,0x00000000e7580000)
  from space 17408K, 99% used [0x00000000e7580000,0x00000000e8679330,0x00000000e8680000)
  to   space 21504K, 0% used [0x00000000ea180000,0x00000000ea180000,0x00000000eb680000)
 ParOldGen       total 187904K, used 28558K [0x00000000a0000000, 0x00000000ab780000, 0x00000000e0000000)
  object space 187904K, 15% used [0x00000000a0000000,0x00000000a1be3800,0x00000000ab780000)
 Metaspace       used 57324K, capacity 59038K, committed 59096K, reserved 1099776K
  class space    used 7668K, capacity 8106K, committed 8152K, reserved 1048576K
Event: 7.788 GC heap after
Heap after GC invocations=12 (full 3):
 PSYoungGen      total 137728K, used 0K [0x00000000e0000000, 0x00000000eb680000, 0x0000000100000000)
  eden space 120320K, 0% used [0x00000000e0000000,0x00000000e0000000,0x00000000e7580000)
  from space 17408K, 0% used [0x00000000e7580000,0x00000000e7580000,0x00000000e8680000)
  to   space 21504K, 0% used [0x00000000ea180000,0x00000000ea180000,0x00000000eb680000)
 ParOldGen       total 286208K, used 37697K [0x00000000a0000000, 0x00000000b1780000, 0x00000000e0000000)
  object space 286208K, 13% used [0x00000000a0000000,0x00000000a24d0458,0x00000000b1780000)
 Metaspace       used 57254K, capacity 58878K, committed 59096K, reserved 1099776K
  class space    used 7646K, capacity 8074K, committed 8152K, reserved 1048576K
}
Event: 9.132 GC heap before
{Heap before GC invocations=13 (full 3):
 PSYoungGen      total 137728K, used 120320K [0x00000000e0000000, 0x00000000eb680000, 0x0000000100000000)
  eden space 120320K, 100% used [0x00000000e0000000,0x00000000e7580000,0x00000000e7580000)
  from space 17408K, 0% used [0x00000000e7580000,0x00000000e7580000,0x00000000e8680000)
  to   space 21504K, 0% used [0x00000000ea180000,0x00000000ea180000,0x00000000eb680000)
 ParOldGen       total 286208K, used 37697K [0x00000000a0000000, 0x00000000b1780000, 0x00000000e0000000)
  object space 286208K, 13% used [0x00000000a0000000,0x00000000a24d0458,0x00000000b1780000)
 Metaspace       used 63807K, capacity 65886K, committed 66136K, reserved 1105920K
  class space    used 8549K, capacity 9039K, committed 9048K, reserved 1048576K
Event: 9.144 GC heap after
Heap after GC invocations=13 (full 3):
 PSYoungGen      total 152064K, used 10372K [0x00000000e0000000, 0x00000000eaf80000, 0x0000000100000000)
  eden space 137728K, 0% used [0x00000000e0000000,0x00000000e0000000,0x00000000e8680000)
  from space 14336K, 72% used [0x00000000ea180000,0x00000000eaba1378,0x00000000eaf80000)
  to   space 20992K, 0% used [0x00000000e8680000,0x00000000e8680000,0x00000000e9b00000)
 ParOldGen       total 286208K, used 37769K [0x00000000a0000000, 0x00000000b1780000, 0x00000000e0000000)
  object space 286208K, 13% used [0x00000000a0000000,0x00000000a24e2468,0x00000000b1780000)
 Metaspace       used 63807K, capacity 65886K, committed 66136K, reserved 1105920K
  class space    used 8549K, capacity 9039K, committed 9048K, reserved 1048576K
}
Event: 9.994 GC heap before
{Heap before GC invocations=14 (full 3):
 PSYoungGen      total 152064K, used 148100K [0x00000000e0000000, 0x00000000eaf80000, 0x0000000100000000)
  eden space 137728K, 100% used [0x00000000e0000000,0x00000000e8680000,0x00000000e8680000)
  from space 14336K, 72% used [0x00000000ea180000,0x00000000eaba1378,0x00000000eaf80000)
  to   space 20992K, 0% used [0x00000000e8680000,0x00000000e8680000,0x00000000e9b00000)
 ParOldGen       total 286208K, used 37769K [0x00000000a0000000, 0x00000000b1780000, 0x00000000e0000000)
  object space 286208K, 13% used [0x00000000a0000000,0x00000000a24e2468,0x00000000b1780000)
 Metaspace       used 68049K, capacity 70490K, committed 70744K, reserved 1110016K
  class space    used 9200K, capacity 9801K, committed 9816K, reserved 1048576K
Event: 10.008 GC heap after
Heap after GC invocations=14 (full 3):
 PSYoungGen      total 158720K, used 17229K [0x00000000e0000000, 0x00000000ec680000, 0x0000000100000000)
  eden space 137728K, 0% used [0x00000000e0000000,0x00000000e0000000,0x00000000e8680000)
  from space 20992K, 82% used [0x00000000e8680000,0x00000000e9753660,0x00000000e9b00000)
  to   space 22016K, 0% used [0x00000000eb100000,0x00000000eb100000,0x00000000ec680000)
 ParOldGen       total 286208K, used 37777K [0x00000000a0000000, 0x00000000b1780000, 0x00000000e0000000)
  object space 286208K, 13% used [0x00000000a0000000,0x00000000a24e4468,0x00000000b1780000)
 Metaspace       used 68049K, capacity 70490K, committed 70744K, reserved 1110016K
  class space    used 9200K, capacity 9801K, committed 9816K, reserved 1048576K
}
Event: 10.623 GC heap before
{Heap before GC invocations=15 (full 3):
 PSYoungGen      total 158720K, used 154957K [0x00000000e0000000, 0x00000000ec680000, 0x0000000100000000)
  eden space 137728K, 100% used [0x00000000e0000000,0x00000000e8680000,0x00000000e8680000)
  from space 20992K, 82% used [0x00000000e8680000,0x00000000e9753660,0x00000000e9b00000)
  to   space 22016K, 0% used [0x00000000eb100000,0x00000000eb100000,0x00000000ec680000)
 ParOldGen       total 286208K, used 37777K [0x00000000a0000000, 0x00000000b1780000, 0x00000000e0000000)
  object space 286208K, 13% used [0x00000000a0000000,0x00000000a24e4468,0x00000000b1780000)
 Metaspace       used 68922K, capacity 71532K, committed 71768K, reserved 1112064K
  class space    used 9362K, capacity 10044K, committed 10072K, reserved 1048576K
Event: 10.643 GC heap after
Heap after GC invocations=15 (full 3):
 PSYoungGen      total 159744K, used 21985K [0x00000000e0000000, 0x00000000ec680000, 0x0000000100000000)
  eden space 137728K, 0% used [0x00000000e0000000,0x00000000e0000000,0x00000000e8680000)
  from space 22016K, 99% used [0x00000000eb100000,0x00000000ec6784c0,0x00000000ec680000)
  to   space 20992K, 0% used [0x00000000e8680000,0x00000000e8680000,0x00000000e9b00000)
 ParOldGen       total 286208K, used 45670K [0x00000000a0000000, 0x00000000b1780000, 0x00000000e0000000)
  object space 286208K, 15% used [0x00000000a0000000,0x00000000a2c999a8,0x00000000b1780000)
 Metaspace       used 68922K, capacity 71532K, committed 71768K, reserved 1112064K
  class space    used 9362K, capacity 10044K, committed 10072K, reserved 1048576K
}
Event: 12.595 GC heap before
{Heap before GC invocations=16 (full 3):
 PSYoungGen      total 159744K, used 159713K [0x00000000e0000000, 0x00000000ec680000, 0x0000000100000000)
  eden space 137728K, 100% used [0x00000000e0000000,0x00000000e8680000,0x00000000e8680000)
  from space 22016K, 99% used [0x00000000eb100000,0x00000000ec6784c0,0x00000000ec680000)
  to   space 20992K, 0% used [0x00000000e8680000,0x00000000e8680000,0x00000000e9b00000)
 ParOldGen       total 286208K, used 45670K [0x00000000a0000000, 0x00000000b1780000, 0x00000000e0000000)
  object space 286208K, 15% used [0x00000000a0000000,0x00000000a2c999a8,0x00000000b1780000)
 Metaspace       used 73529K, capacity 76582K, committed 76760K, reserved 1116160K
  class space    used 9906K, capacity 10643K, committed 10712K, reserved 1048576K
Event: 12.611 GC heap after
Heap after GC invocations=16 (full 3):
 PSYoungGen      total 158720K, used 20961K [0x00000000e0000000, 0x00000000ec680000, 0x0000000100000000)
  eden space 137728K, 0% used [0x00000000e0000000,0x00000000e0000000,0x00000000e8680000)
  from space 20992K, 99% used [0x00000000e8680000,0x00000000e9af84a0,0x00000000e9b00000)
  to   space 22016K, 0% used [0x00000000eb100000,0x00000000eb100000,0x00000000ec680000)
 ParOldGen       total 286208K, used 61452K [0x00000000a0000000, 0x00000000b1780000, 0x00000000e0000000)
  object space 286208K, 21% used [0x00000000a0000000,0x00000000a3c032c8,0x00000000b1780000)
 Metaspace       used 73529K, capacity 76582K, committed 76760K, reserved 1116160K
  class space    used 9906K, capacity 10643K, committed 10712K, reserved 1048576K
}

