# JRE version: OpenJDK Runtime Environment (8.0_202-b03) (build 1.8.0_202-release-1483-b03)
# Java VM: OpenJDK 64-Bit Server VM (25.202-b03 mixed mode windows-amd64 compressed oops)
Heap:
 PSYoungGen      total 208896K, used 105655K [0x00000000e0000000, 0x00000000f0900000, 0x0000000100000000)
  eden space 164864K, 45% used [0x00000000e0000000,0x00000000e48af9b0,0x00000000ea100000)
  from space 44032K, 70% used [0x00000000ea100000,0x00000000ebf7e570,0x00000000ecc00000)
  to   space 46080K, 0% used [0x00000000edc00000,0x00000000edc00000,0x00000000f0900000)
 ParOldGen       total 439296K, used 70163K [0x00000000a0000000, 0x00000000bad00000, 0x00000000e0000000)
  object space 439296K, 15% used [0x00000000a0000000,0x00000000a4484d30,0x00000000bad00000)
 Metaspace       used 113875K, capacity 119280K, committed 119512K, reserved 1153024K
  class space    used 14825K, capacity 15995K, committed 16088K, reserved 1048576K
GC Heap History (10 events):
Event: 3861.986 GC heap before
{Heap before GC invocations=21 (full 3):
 PSYoungGen      total 178688K, used 178355K [0x00000000e0000000, 0x00000000efa00000, 0x0000000100000000)
  eden space 168960K, 100% used [0x00000000e0000000,0x00000000ea500000,0x00000000ea500000)
  from space 9728K, 96% used [0x00000000ea800000,0x00000000eb12ce60,0x00000000eb180000)
  to   space 43520K, 0% used [0x00000000ecf80000,0x00000000ecf80000,0x00000000efa00000)
 ParOldGen       total 290816K, used 82663K [0x00000000a0000000, 0x00000000b1c00000, 0x00000000e0000000)
  object space 290816K, 28% used [0x00000000a0000000,0x00000000a50b9cf8,0x00000000b1c00000)
 Metaspace       used 87740K, capacity 91684K, committed 91864K, reserved 1128448K
  class space    used 11334K, capacity 12166K, committed 12248K, reserved 1048576K
Event: 3862.007 GC heap after
Heap after GC invocations=21 (full 3):
 PSYoungGen      total 208384K, used 27496K [0x00000000e0000000, 0x00000000ef900000, 0x0000000100000000)
  eden space 165888K, 0% used [0x00000000e0000000,0x00000000e0000000,0x00000000ea200000)
  from space 42496K, 64% used [0x00000000ecf80000,0x00000000eea5a2e8,0x00000000ef900000)
  to   space 44544K, 0% used [0x00000000ea200000,0x00000000ea200000,0x00000000ecd80000)
 ParOldGen       total 290816K, used 82671K [0x00000000a0000000, 0x00000000b1c00000, 0x00000000e0000000)
  object space 290816K, 28% used [0x00000000a0000000,0x00000000a50bbcf8,0x00000000b1c00000)
 Metaspace       used 87740K, capacity 91684K, committed 91864K, reserved 1128448K
  class space    used 11334K, capacity 12166K, committed 12248K, reserved 1048576K
}
Event: 3863.238 GC heap before
{Heap before GC invocations=22 (full 3):
 PSYoungGen      total 208384K, used 125439K [0x00000000e0000000, 0x00000000ef900000, 0x0000000100000000)
  eden space 165888K, 59% used [0x00000000e0000000,0x00000000e5fa5ab0,0x00000000ea200000)
  from space 42496K, 64% used [0x00000000ecf80000,0x00000000eea5a2e8,0x00000000ef900000)
  to   space 44544K, 0% used [0x00000000ea200000,0x00000000ea200000,0x00000000ecd80000)
 ParOldGen       total 290816K, used 82671K [0x00000000a0000000, 0x00000000b1c00000, 0x00000000e0000000)
  object space 290816K, 28% used [0x00000000a0000000,0x00000000a50bbcf8,0x00000000b1c00000)
 Metaspace       used 93847K, capacity 98246K, committed 98380K, reserved 1134592K
  class space    used 12258K, capacity 13170K, committed 13272K, reserved 1048576K
Event: 3863.251 GC heap after
Heap after GC invocations=22 (full 3):
 PSYoungGen      total 193024K, used 29833K [0x00000000e0000000, 0x00000000ef900000, 0x0000000100000000)
  eden space 162816K, 0% used [0x00000000e0000000,0x00000000e0000000,0x00000000e9f00000)
  from space 30208K, 98% used [0x00000000ea200000,0x00000000ebf226f8,0x00000000ebf80000)
  to   space 46080K, 0% used [0x00000000ecc00000,0x00000000ecc00000,0x00000000ef900000)
 ParOldGen       total 290816K, used 82679K [0x00000000a0000000, 0x00000000b1c00000, 0x00000000e0000000)
  object space 290816K, 28% used [0x00000000a0000000,0x00000000a50bdcf8,0x00000000b1c00000)
 Metaspace       used 93847K, capacity 98246K, committed 98380K, reserved 1134592K
  class space    used 12258K, capacity 13170K, committed 13272K, reserved 1048576K
}
Event: 3863.251 GC heap before
{Heap before GC invocations=23 (full 4):
 PSYoungGen      total 193024K, used 29833K [0x00000000e0000000, 0x00000000ef900000, 0x0000000100000000)
  eden space 162816K, 0% used [0x00000000e0000000,0x00000000e0000000,0x00000000e9f00000)
  from space 30208K, 98% used [0x00000000ea200000,0x00000000ebf226f8,0x00000000ebf80000)
  to   space 46080K, 0% used [0x00000000ecc00000,0x00000000ecc00000,0x00000000ef900000)
 ParOldGen       total 290816K, used 82679K [0x00000000a0000000, 0x00000000b1c00000, 0x00000000e0000000)
  object space 290816K, 28% used [0x00000000a0000000,0x00000000a50bdcf8,0x00000000b1c00000)
 Metaspace       used 93847K, capacity 98246K, committed 98380K, reserved 1134592K
  class space    used 12258K, capacity 13170K, committed 13272K, reserved 1048576K
Event: 3863.422 GC heap after
Heap after GC invocations=23 (full 4):
 PSYoungGen      total 193024K, used 0K [0x00000000e0000000, 0x00000000ef900000, 0x0000000100000000)
  eden space 162816K, 0% used [0x00000000e0000000,0x00000000e0000000,0x00000000e9f00000)
  from space 30208K, 0% used [0x00000000ea200000,0x00000000ea200000,0x00000000ebf80000)
  to   space 46080K, 0% used [0x00000000ecc00000,0x00000000ecc00000,0x00000000ef900000)
 ParOldGen       total 439296K, used 70147K [0x00000000a0000000, 0x00000000bad00000, 0x00000000e0000000)
  object space 439296K, 15% used [0x00000000a0000000,0x00000000a4480d30,0x00000000bad00000)
 Metaspace       used 93586K, capacity 97604K, committed 98380K, reserved 1134592K
  class space    used 12185K, capacity 13039K, committed 13272K, reserved 1048576K
}
Event: 3893.314 GC heap before
{Heap before GC invocations=24 (full 4):
 PSYoungGen      total 193024K, used 162816K [0x00000000e0000000, 0x00000000ef900000, 0x0000000100000000)
  eden space 162816K, 100% used [0x00000000e0000000,0x00000000e9f00000,0x00000000e9f00000)
  from space 30208K, 0% used [0x00000000ea200000,0x00000000ea200000,0x00000000ebf80000)
  to   space 46080K, 0% used [0x00000000ecc00000,0x00000000ecc00000,0x00000000ef900000)
 ParOldGen       total 439296K, used 70147K [0x00000000a0000000, 0x00000000bad00000, 0x00000000e0000000)
  object space 439296K, 15% used [0x00000000a0000000,0x00000000a4480d30,0x00000000bad00000)
 Metaspace       used 101441K, capacity 106026K, committed 106584K, reserved 1142784K
  class space    used 13005K, capacity 13972K, committed 14168K, reserved 1048576K
Event: 3893.325 GC heap after
Heap after GC invocations=24 (full 4):
 PSYoungGen      total 210944K, used 16703K [0x00000000e0000000, 0x00000000f0180000, 0x0000000100000000)
  eden space 164864K, 0% used [0x00000000e0000000,0x00000000e0000000,0x00000000ea100000)
  from space 46080K, 36% used [0x00000000ecc00000,0x00000000edc4fc80,0x00000000ef900000)
  to   space 44032K, 0% used [0x00000000ea100000,0x00000000ea100000,0x00000000ecc00000)
 ParOldGen       total 439296K, used 70155K [0x00000000a0000000, 0x00000000bad00000, 0x00000000e0000000)
  object space 439296K, 15% used [0x00000000a0000000,0x00000000a4482d30,0x00000000bad00000)
 Metaspace       used 101441K, capacity 106026K, committed 106584K, reserved 1142784K
  class space    used 13005K, capacity 13972K, committed 14168K, reserved 1048576K
}
Event: 3894.459 GC heap before
{Heap before GC invocations=25 (full 4):
 PSYoungGen      total 210944K, used 181567K [0x00000000e0000000, 0x00000000f0180000, 0x0000000100000000)
  eden space 164864K, 100% used [0x00000000e0000000,0x00000000ea100000,0x00000000ea100000)
  from space 46080K, 36% used [0x00000000ecc00000,0x00000000edc4fc80,0x00000000ef900000)
  to   space 44032K, 0% used [0x00000000ea100000,0x00000000ea100000,0x00000000ecc00000)
 ParOldGen       total 439296K, used 70155K [0x00000000a0000000, 0x00000000bad00000, 0x00000000e0000000)
  object space 439296K, 15% used [0x00000000a0000000,0x00000000a4482d30,0x00000000bad00000)
 Metaspace       used 110850K, capacity 116202K, committed 116312K, reserved 1150976K
  class space    used 14327K, capacity 15441K, committed 15448K, reserved 1048576K
Event: 3894.471 GC heap after
Heap after GC invocations=25 (full 4):
 PSYoungGen      total 208896K, used 31225K [0x00000000e0000000, 0x00000000f0900000, 0x0000000100000000)
  eden space 164864K, 0% used [0x00000000e0000000,0x00000000e0000000,0x00000000ea100000)
  from space 44032K, 70% used [0x00000000ea100000,0x00000000ebf7e570,0x00000000ecc00000)
  to   space 46080K, 0% used [0x00000000edc00000,0x00000000edc00000,0x00000000f0900000)
 ParOldGen       total 439296K, used 70163K [0x00000000a0000000, 0x00000000bad00000, 0x00000000e0000000)
  object space 439296K, 15% used [0x00000000a0000000,0x00000000a4484d30,0x00000000bad00000)
 Metaspace       used 110850K, capacity 116202K, committed 116312K, reserved 1150976K
  class space    used 14327K, capacity 15441K, committed 15448K, reserved 1048576K
}

