# JRE version: OpenJDK Runtime Environment (8.0_202-b03) (build 1.8.0_202-release-1483-b03)
# Java VM: OpenJDK 64-Bit Server VM (25.202-b03 mixed mode windows-amd64 compressed oops)
Heap:
 PSYoungGen      total 304640K, used 84739K [0x00000000e0000000, 0x00000000f7c00000, 0x0000000100000000)
  eden space 239616K, 22% used [0x00000000e0000000,0x00000000e34053e0,0x00000000eea00000)
  from space 65024K, 48% used [0x00000000f3c80000,0x00000000f5b3b8c0,0x00000000f7c00000)
  to   space 74752K, 0% used [0x00000000eea00000,0x00000000eea00000,0x00000000f3300000)
 ParOldGen       total 277504K, used 134432K [0x00000000a0000000, 0x00000000b0f00000, 0x00000000e0000000)
  object space 277504K, 48% used [0x00000000a0000000,0x00000000a83483e0,0x00000000b0f00000)
 Metaspace       used 92372K, capacity 96776K, committed 96856K, reserved 1132544K
  class space    used 12236K, capacity 13080K, committed 13144K, reserved 1048576K
GC Heap History (10 events):
Event: 25.059 GC heap before
{Heap before GC invocations=17 (full 3):
 PSYoungGen      total 188928K, used 187578K [0x00000000e0000000, 0x00000000eec80000, 0x0000000100000000)
  eden space 159232K, 100% used [0x00000000e0000000,0x00000000e9b80000,0x00000000e9b80000)
  from space 29696K, 95% used [0x00000000e9b80000,0x00000000eb72e950,0x00000000eb880000)
  to   space 33280K, 0% used [0x00000000ecc00000,0x00000000ecc00000,0x00000000eec80000)
 ParOldGen       total 277504K, used 54207K [0x00000000a0000000, 0x00000000b0f00000, 0x00000000e0000000)
  object space 277504K, 19% used [0x00000000a0000000,0x00000000a34efe30,0x00000000b0f00000)
 Metaspace       used 87058K, capacity 91114K, committed 91352K, reserved 1128448K
  class space    used 11659K, capacity 12465K, committed 12504K, reserved 1048576K
Event: 25.078 GC heap after
Heap after GC invocations=17 (full 3):
 PSYoungGen      total 205824K, used 29702K [0x00000000e0000000, 0x00000000ef880000, 0x0000000100000000)
  eden space 172544K, 0% used [0x00000000e0000000,0x00000000e0000000,0x00000000ea880000)
  from space 33280K, 89% used [0x00000000ecc00000,0x00000000ee9019b0,0x00000000eec80000)
  to   space 36352K, 0% used [0x00000000ea880000,0x00000000ea880000,0x00000000ecc00000)
 ParOldGen       total 277504K, used 54215K [0x00000000a0000000, 0x00000000b0f00000, 0x00000000e0000000)
  object space 277504K, 19% used [0x00000000a0000000,0x00000000a34f1e30,0x00000000b0f00000)
 Metaspace       used 87058K, capacity 91114K, committed 91352K, reserved 1128448K
  class space    used 11659K, capacity 12465K, committed 12504K, reserved 1048576K
}
Event: 25.507 GC heap before
{Heap before GC invocations=18 (full 3):
 PSYoungGen      total 205824K, used 202246K [0x00000000e0000000, 0x00000000ef880000, 0x0000000100000000)
  eden space 172544K, 100% used [0x00000000e0000000,0x00000000ea880000,0x00000000ea880000)
  from space 33280K, 89% used [0x00000000ecc00000,0x00000000ee9019b0,0x00000000eec80000)
  to   space 36352K, 0% used [0x00000000ea880000,0x00000000ea880000,0x00000000ecc00000)
 ParOldGen       total 277504K, used 54215K [0x00000000a0000000, 0x00000000b0f00000, 0x00000000e0000000)
  object space 277504K, 19% used [0x00000000a0000000,0x00000000a34f1e30,0x00000000b0f00000)
 Metaspace       used 88171K, capacity 92364K, committed 92632K, reserved 1128448K
  class space    used 11842K, capacity 12654K, committed 12760K, reserved 1048576K
Event: 25.538 GC heap after
Heap after GC invocations=18 (full 3):
 PSYoungGen      total 208896K, used 36347K [0x00000000e0000000, 0x00000000f2e80000, 0x0000000100000000)
  eden space 172544K, 0% used [0x00000000e0000000,0x00000000e0000000,0x00000000ea880000)
  from space 36352K, 99% used [0x00000000ea880000,0x00000000ecbfefb8,0x00000000ecc00000)
  to   space 46080K, 0% used [0x00000000f0180000,0x00000000f0180000,0x00000000f2e80000)
 ParOldGen       total 277504K, used 66959K [0x00000000a0000000, 0x00000000b0f00000, 0x00000000e0000000)
  object space 277504K, 24% used [0x00000000a0000000,0x00000000a4163f08,0x00000000b0f00000)
 Metaspace       used 88171K, capacity 92364K, committed 92632K, reserved 1128448K
  class space    used 11842K, capacity 12654K, committed 12760K, reserved 1048576K
}
Event: 26.546 GC heap before
{Heap before GC invocations=19 (full 3):
 PSYoungGen      total 208896K, used 208891K [0x00000000e0000000, 0x00000000f2e80000, 0x0000000100000000)
  eden space 172544K, 100% used [0x00000000e0000000,0x00000000ea880000,0x00000000ea880000)
  from space 36352K, 99% used [0x00000000ea880000,0x00000000ecbfefb8,0x00000000ecc00000)
  to   space 46080K, 0% used [0x00000000f0180000,0x00000000f0180000,0x00000000f2e80000)
 ParOldGen       total 277504K, used 66959K [0x00000000a0000000, 0x00000000b0f00000, 0x00000000e0000000)
  object space 277504K, 24% used [0x00000000a0000000,0x00000000a4163f08,0x00000000b0f00000)
 Metaspace       used 89706K, capacity 93906K, committed 94040K, reserved 1130496K
  class space    used 11973K, capacity 12773K, committed 12888K, reserved 1048576K
Event: 26.595 GC heap after
Heap after GC invocations=19 (full 3):
 PSYoungGen      total 247808K, used 46079K [0x00000000e0000000, 0x00000000f5300000, 0x0000000100000000)
  eden space 201728K, 0% used [0x00000000e0000000,0x00000000e0000000,0x00000000ec500000)
  from space 46080K, 99% used [0x00000000f0180000,0x00000000f2e7fcb0,0x00000000f2e80000)
  to   space 61952K, 0% used [0x00000000ec500000,0x00000000ec500000,0x00000000f0180000)
 ParOldGen       total 277504K, used 90891K [0x00000000a0000000, 0x00000000b0f00000, 0x00000000e0000000)
  object space 277504K, 32% used [0x00000000a0000000,0x00000000a58c2ea8,0x00000000b0f00000)
 Metaspace       used 89706K, capacity 93906K, committed 94040K, reserved 1130496K
  class space    used 11973K, capacity 12773K, committed 12888K, reserved 1048576K
}
Event: 27.668 GC heap before
{Heap before GC invocations=20 (full 3):
 PSYoungGen      total 247808K, used 247807K [0x00000000e0000000, 0x00000000f5300000, 0x0000000100000000)
  eden space 201728K, 100% used [0x00000000e0000000,0x00000000ec500000,0x00000000ec500000)
  from space 46080K, 99% used [0x00000000f0180000,0x00000000f2e7fcb0,0x00000000f2e80000)
  to   space 61952K, 0% used [0x00000000ec500000,0x00000000ec500000,0x00000000f0180000)
 ParOldGen       total 277504K, used 90891K [0x00000000a0000000, 0x00000000b0f00000, 0x00000000e0000000)
  object space 277504K, 32% used [0x00000000a0000000,0x00000000a58c2ea8,0x00000000b0f00000)
 Metaspace       used 90243K, capacity 94444K, committed 94552K, reserved 1130496K
  class space    used 12010K, capacity 12814K, committed 12888K, reserved 1048576K
Event: 27.727 GC heap after
Heap after GC invocations=20 (full 3):
 PSYoungGen      total 263680K, used 61950K [0x00000000e0000000, 0x00000000f8a00000, 0x0000000100000000)
  eden space 201728K, 0% used [0x00000000e0000000,0x00000000e0000000,0x00000000ec500000)
  from space 61952K, 99% used [0x00000000ec500000,0x00000000f017f928,0x00000000f0180000)
  to   space 79360K, 0% used [0x00000000f3c80000,0x00000000f3c80000,0x00000000f8a00000)
 ParOldGen       total 277504K, used 111999K [0x00000000a0000000, 0x00000000b0f00000, 0x00000000e0000000)
  object space 277504K, 40% used [0x00000000a0000000,0x00000000a6d5fc78,0x00000000b0f00000)
 Metaspace       used 90243K, capacity 94444K, committed 94552K, reserved 1130496K
  class space    used 12010K, capacity 12814K, committed 12888K, reserved 1048576K
}
Event: 35.814 GC heap before
{Heap before GC invocations=21 (full 3):
 PSYoungGen      total 263680K, used 263675K [0x00000000e0000000, 0x00000000f8a00000, 0x0000000100000000)
  eden space 201728K, 99% used [0x00000000e0000000,0x00000000ec4ff478,0x00000000ec500000)
  from space 61952K, 99% used [0x00000000ec500000,0x00000000f017f928,0x00000000f0180000)
  to   space 79360K, 0% used [0x00000000f3c80000,0x00000000f3c80000,0x00000000f8a00000)
 ParOldGen       total 277504K, used 112007K [0x00000000a0000000, 0x00000000b0f00000, 0x00000000e0000000)
  object space 277504K, 40% used [0x00000000a0000000,0x00000000a6d61c88,0x00000000b0f00000)
 Metaspace       used 91652K, capacity 96010K, committed 96216K, reserved 1132544K
  class space    used 12155K, capacity 13003K, committed 13016K, reserved 1048576K
Event: 35.851 GC heap after
Heap after GC invocations=21 (full 3):
 PSYoungGen      total 304640K, used 31470K [0x00000000e0000000, 0x00000000f7c00000, 0x0000000100000000)
  eden space 239616K, 0% used [0x00000000e0000000,0x00000000e0000000,0x00000000eea00000)
  from space 65024K, 48% used [0x00000000f3c80000,0x00000000f5b3b8c0,0x00000000f7c00000)
  to   space 74752K, 0% used [0x00000000eea00000,0x00000000eea00000,0x00000000f3300000)
 ParOldGen       total 277504K, used 134432K [0x00000000a0000000, 0x00000000b0f00000, 0x00000000e0000000)
  object space 277504K, 48% used [0x00000000a0000000,0x00000000a83483e0,0x00000000b0f00000)
 Metaspace       used 91652K, capacity 96010K, committed 96216K, reserved 1132544K
  class space    used 12155K, capacity 13003K, committed 13016K, reserved 1048576K
}

