# JRE version: OpenJDK Runtime Environment (8.0_202-b03) (build 1.8.0_202-release-1483-b03)
# Java VM: OpenJDK 64-Bit Server VM (25.202-b03 mixed mode windows-amd64 compressed oops)
Heap:
 PSYoungGen      total 195584K, used 57553K [0x00000000e0000000, 0x00000000ee680000, 0x0000000100000000)
  eden space 162816K, 15% used [0x00000000e0000000,0x00000000e183c1d8,0x00000000e9f00000)
  from space 32768K, 99% used [0x00000000e9f00000,0x00000000ebef8578,0x00000000ebf00000)
  to   space 25088K, 0% used [0x00000000ebf00000,0x00000000ebf00000,0x00000000ed780000)
 ParOldGen       total 280064K, used 56807K [0x00000000a0000000, 0x00000000b1180000, 0x00000000e0000000)
  object space 280064K, 20% used [0x00000000a0000000,0x00000000a3779e88,0x00000000b1180000)
 Metaspace       used 75353K, capacity 78910K, committed 79256K, reserved 1118208K
  class space    used 10075K, capacity 10845K, committed 10920K, reserved 1048576K
GC Heap History (10 events):
Event: 8.507 GC heap before
{Heap before GC invocations=12 (full 3):
 PSYoungGen      total 142848K, used 18916K [0x00000000e0000000, 0x00000000ec300000, 0x0000000100000000)
  eden space 123904K, 0% used [0x00000000e0000000,0x00000000e0000000,0x00000000e7900000)
  from space 18944K, 99% used [0x00000000e7900000,0x00000000e8b79320,0x00000000e8b80000)
  to   space 23040K, 0% used [0x00000000eac80000,0x00000000eac80000,0x00000000ec300000)
 ParOldGen       total 186368K, used 27331K [0x00000000a0000000, 0x00000000ab600000, 0x00000000e0000000)
  object space 186368K, 14% used [0x00000000a0000000,0x00000000a1ab0d98,0x00000000ab600000)
 Metaspace       used 57161K, capacity 59130K, committed 59160K, reserved 1099776K
  class space    used 7699K, capacity 8208K, committed 8232K, reserved 1048576K
Event: 8.718 GC heap after
Heap after GC invocations=12 (full 3):
 PSYoungGen      total 142848K, used 0K [0x00000000e0000000, 0x00000000ec300000, 0x0000000100000000)
  eden space 123904K, 0% used [0x00000000e0000000,0x00000000e0000000,0x00000000e7900000)
  from space 18944K, 0% used [0x00000000e7900000,0x00000000e7900000,0x00000000e8b80000)
  to   space 23040K, 0% used [0x00000000eac80000,0x00000000eac80000,0x00000000ec300000)
 ParOldGen       total 280064K, used 39193K [0x00000000a0000000, 0x00000000b1180000, 0x00000000e0000000)
  object space 280064K, 13% used [0x00000000a0000000,0x00000000a26466c8,0x00000000b1180000)
 Metaspace       used 57131K, capacity 59028K, committed 59160K, reserved 1099776K
  class space    used 7690K, capacity 8191K, committed 8232K, reserved 1048576K
}
Event: 9.604 GC heap before
{Heap before GC invocations=13 (full 3):
 PSYoungGen      total 142848K, used 123904K [0x00000000e0000000, 0x00000000ec300000, 0x0000000100000000)
  eden space 123904K, 100% used [0x00000000e0000000,0x00000000e7900000,0x00000000e7900000)
  from space 18944K, 0% used [0x00000000e7900000,0x00000000e7900000,0x00000000e8b80000)
  to   space 23040K, 0% used [0x00000000eac80000,0x00000000eac80000,0x00000000ec300000)
 ParOldGen       total 280064K, used 39193K [0x00000000a0000000, 0x00000000b1180000, 0x00000000e0000000)
  object space 280064K, 13% used [0x00000000a0000000,0x00000000a26466c8,0x00000000b1180000)
 Metaspace       used 62051K, capacity 64206K, committed 64280K, reserved 1103872K
  class space    used 8454K, capacity 8984K, committed 9000K, reserved 1048576K
Event: 9.614 GC heap after
Heap after GC invocations=13 (full 3):
 PSYoungGen      total 158208K, used 9197K [0x00000000e0000000, 0x00000000eb980000, 0x0000000100000000)
  eden space 144896K, 0% used [0x00000000e0000000,0x00000000e0000000,0x00000000e8d80000)
  from space 13312K, 69% used [0x00000000eac80000,0x00000000eb57b6b0,0x00000000eb980000)
  to   space 22528K, 0% used [0x00000000e8d80000,0x00000000e8d80000,0x00000000ea380000)
 ParOldGen       total 280064K, used 39201K [0x00000000a0000000, 0x00000000b1180000, 0x00000000e0000000)
  object space 280064K, 13% used [0x00000000a0000000,0x00000000a26486c8,0x00000000b1180000)
 Metaspace       used 62051K, capacity 64206K, committed 64280K, reserved 1103872K
  class space    used 8454K, capacity 8984K, committed 9000K, reserved 1048576K
}
Event: 10.334 GC heap before
{Heap before GC invocations=14 (full 3):
 PSYoungGen      total 158208K, used 154093K [0x00000000e0000000, 0x00000000eb980000, 0x0000000100000000)
  eden space 144896K, 100% used [0x00000000e0000000,0x00000000e8d80000,0x00000000e8d80000)
  from space 13312K, 69% used [0x00000000eac80000,0x00000000eb57b6b0,0x00000000eb980000)
  to   space 22528K, 0% used [0x00000000e8d80000,0x00000000e8d80000,0x00000000ea380000)
 ParOldGen       total 280064K, used 39201K [0x00000000a0000000, 0x00000000b1180000, 0x00000000e0000000)
  object space 280064K, 13% used [0x00000000a0000000,0x00000000a26486c8,0x00000000b1180000)
 Metaspace       used 62870K, capacity 65236K, committed 65560K, reserved 1105920K
  class space    used 8552K, capacity 9134K, committed 9256K, reserved 1048576K
Event: 10.347 GC heap after
Heap after GC invocations=14 (full 3):
 PSYoungGen      total 167424K, used 22196K [0x00000000e0000000, 0x00000000ed780000, 0x0000000100000000)
  eden space 144896K, 0% used [0x00000000e0000000,0x00000000e0000000,0x00000000e8d80000)
  from space 22528K, 98% used [0x00000000e8d80000,0x00000000ea32d368,0x00000000ea380000)
  to   space 25088K, 0% used [0x00000000ebf00000,0x00000000ebf00000,0x00000000ed780000)
 ParOldGen       total 280064K, used 39201K [0x00000000a0000000, 0x00000000b1180000, 0x00000000e0000000)
  object space 280064K, 13% used [0x00000000a0000000,0x00000000a26486c8,0x00000000b1180000)
 Metaspace       used 62870K, capacity 65236K, committed 65560K, reserved 1105920K
  class space    used 8552K, capacity 9134K, committed 9256K, reserved 1048576K
}
Event: 11.527 GC heap before
{Heap before GC invocations=15 (full 3):
 PSYoungGen      total 167424K, used 167092K [0x00000000e0000000, 0x00000000ed780000, 0x0000000100000000)
  eden space 144896K, 100% used [0x00000000e0000000,0x00000000e8d80000,0x00000000e8d80000)
  from space 22528K, 98% used [0x00000000e8d80000,0x00000000ea32d368,0x00000000ea380000)
  to   space 25088K, 0% used [0x00000000ebf00000,0x00000000ebf00000,0x00000000ed780000)
 ParOldGen       total 280064K, used 39201K [0x00000000a0000000, 0x00000000b1180000, 0x00000000e0000000)
  object space 280064K, 13% used [0x00000000a0000000,0x00000000a26486c8,0x00000000b1180000)
 Metaspace       used 68549K, capacity 71318K, committed 71576K, reserved 1110016K
  class space    used 9443K, capacity 10126K, committed 10152K, reserved 1048576K
Event: 11.544 GC heap after
Heap after GC invocations=15 (full 3):
 PSYoungGen      total 187904K, used 25077K [0x00000000e0000000, 0x00000000ee680000, 0x0000000100000000)
  eden space 162816K, 0% used [0x00000000e0000000,0x00000000e0000000,0x00000000e9f00000)
  from space 25088K, 99% used [0x00000000ebf00000,0x00000000ed77d4d0,0x00000000ed780000)
  to   space 32768K, 0% used [0x00000000e9f00000,0x00000000e9f00000,0x00000000ebf00000)
 ParOldGen       total 280064K, used 50313K [0x00000000a0000000, 0x00000000b1180000, 0x00000000e0000000)
  object space 280064K, 17% used [0x00000000a0000000,0x00000000a3122410,0x00000000b1180000)
 Metaspace       used 68549K, capacity 71318K, committed 71576K, reserved 1110016K
  class space    used 9443K, capacity 10126K, committed 10152K, reserved 1048576K
}
Event: 16.643 GC heap before
{Heap before GC invocations=16 (full 3):
 PSYoungGen      total 187904K, used 187893K [0x00000000e0000000, 0x00000000ee680000, 0x0000000100000000)
  eden space 162816K, 100% used [0x00000000e0000000,0x00000000e9f00000,0x00000000e9f00000)
  from space 25088K, 99% used [0x00000000ebf00000,0x00000000ed77d4d0,0x00000000ed780000)
  to   space 32768K, 0% used [0x00000000e9f00000,0x00000000e9f00000,0x00000000ebf00000)
 ParOldGen       total 280064K, used 50313K [0x00000000a0000000, 0x00000000b1180000, 0x00000000e0000000)
  object space 280064K, 17% used [0x00000000a0000000,0x00000000a3122410,0x00000000b1180000)
 Metaspace       used 75302K, capacity 78886K, committed 79256K, reserved 1118208K
  class space    used 10072K, capacity 10841K, committed 10920K, reserved 1048576K
Event: 16.835 GC heap after
Heap after GC invocations=16 (full 3):
 PSYoungGen      total 195584K, used 32737K [0x00000000e0000000, 0x00000000ee680000, 0x0000000100000000)
  eden space 162816K, 0% used [0x00000000e0000000,0x00000000e0000000,0x00000000e9f00000)
  from space 32768K, 99% used [0x00000000e9f00000,0x00000000ebef8578,0x00000000ebf00000)
  to   space 25088K, 0% used [0x00000000ebf00000,0x00000000ebf00000,0x00000000ed780000)
 ParOldGen       total 280064K, used 56807K [0x00000000a0000000, 0x00000000b1180000, 0x00000000e0000000)
  object space 280064K, 20% used [0x00000000a0000000,0x00000000a3779e88,0x00000000b1180000)
 Metaspace       used 75302K, capacity 78886K, committed 79256K, reserved 1118208K
  class space    used 10072K, capacity 10841K, committed 10920K, reserved 1048576K
}

