# JRE version: OpenJDK Runtime Environment (8.0_202-b03) (build 1.8.0_202-release-1483-b03)
# Java VM: OpenJDK 64-Bit Server VM (25.202-b03 mixed mode windows-amd64 compressed oops)
Heap:
 PSYoungGen      total 471040K, used 35962K [0x00000000e0000000, 0x0000000100000000, 0x0000000100000000)
  eden space 443392K, 1% used [0x00000000e0000000,0x00000000e086edf0,0x00000000fb100000)
  from space 27648K, 98% used [0x00000000fb100000,0x00000000fcbafcb8,0x00000000fcc00000)
  to   space 40960K, 0% used [0x00000000fd800000,0x00000000fd800000,0x0000000100000000)
 ParOldGen       total 280064K, used 73984K [0x00000000a0000000, 0x00000000b1180000, 0x00000000e0000000)
  object space 280064K, 26% used [0x00000000a0000000,0x00000000a4840360,0x00000000b1180000)
 Metaspace       used 104462K, capacity 109844K, committed 110104K, reserved 1144832K
  class space    used 13385K, capacity 14373K, committed 14632K, reserved 1048576K
GC Heap History (10 events):
Event: 4437.415 GC heap before
{Heap before GC invocations=33 (full 4):
 PSYoungGen      total 460288K, used 450595K [0x00000000e0000000, 0x00000000ff100000, 0x0000000100000000)
  eden space 421376K, 100% used [0x00000000e0000000,0x00000000f9b80000,0x00000000f9b80000)
  from space 38912K, 75% used [0x00000000fc280000,0x00000000fdf08ea8,0x00000000fe880000)
  to   space 39936K, 0% used [0x00000000f9b80000,0x00000000f9b80000,0x00000000fc280000)
 ParOldGen       total 280064K, used 72214K [0x00000000a0000000, 0x00000000b1180000, 0x00000000e0000000)
  object space 280064K, 25% used [0x00000000a0000000,0x00000000a4685980,0x00000000b1180000)
 Metaspace       used 100850K, capacity 105526K, committed 105880K, reserved 1140736K
  class space    used 12957K, capacity 13830K, committed 13992K, reserved 1048576K
Event: 4437.430 GC heap after
Heap after GC invocations=33 (full 4):
 PSYoungGen      total 461312K, used 26399K [0x00000000e0000000, 0x0000000100000000, 0x0000000100000000)
  eden space 421376K, 0% used [0x00000000e0000000,0x00000000e0000000,0x00000000f9b80000)
  from space 39936K, 66% used [0x00000000f9b80000,0x00000000fb547ce0,0x00000000fc280000)
  to   space 39424K, 0% used [0x00000000fd980000,0x00000000fd980000,0x0000000100000000)
 ParOldGen       total 280064K, used 73968K [0x00000000a0000000, 0x00000000b1180000, 0x00000000e0000000)
  object space 280064K, 26% used [0x00000000a0000000,0x00000000a483c360,0x00000000b1180000)
 Metaspace       used 100850K, capacity 105526K, committed 105880K, reserved 1140736K
  class space    used 12957K, capacity 13830K, committed 13992K, reserved 1048576K
}
Event: 4438.538 GC heap before
{Heap before GC invocations=34 (full 4):
 PSYoungGen      total 461312K, used 447775K [0x00000000e0000000, 0x0000000100000000, 0x0000000100000000)
  eden space 421376K, 100% used [0x00000000e0000000,0x00000000f9b80000,0x00000000f9b80000)
  from space 39936K, 66% used [0x00000000f9b80000,0x00000000fb547ce0,0x00000000fc280000)
  to   space 39424K, 0% used [0x00000000fd980000,0x00000000fd980000,0x0000000100000000)
 ParOldGen       total 280064K, used 73968K [0x00000000a0000000, 0x00000000b1180000, 0x00000000e0000000)
  object space 280064K, 26% used [0x00000000a0000000,0x00000000a483c360,0x00000000b1180000)
 Metaspace       used 100904K, capacity 105622K, committed 106008K, reserved 1140736K
  class space    used 12965K, capacity 13862K, committed 14120K, reserved 1048576K
Event: 4438.555 GC heap after
Heap after GC invocations=34 (full 4):
 PSYoungGen      total 483840K, used 27533K [0x00000000e0000000, 0x00000000fff80000, 0x0000000100000000)
  eden space 444928K, 0% used [0x00000000e0000000,0x00000000e0000000,0x00000000fb280000)
  from space 38912K, 70% used [0x00000000fd980000,0x00000000ff4637b8,0x00000000fff80000)
  to   space 39424K, 0% used [0x00000000fb280000,0x00000000fb280000,0x00000000fd900000)
 ParOldGen       total 280064K, used 73968K [0x00000000a0000000, 0x00000000b1180000, 0x00000000e0000000)
  object space 280064K, 26% used [0x00000000a0000000,0x00000000a483c360,0x00000000b1180000)
 Metaspace       used 100904K, capacity 105622K, committed 106008K, reserved 1140736K
  class space    used 12965K, capacity 13862K, committed 14120K, reserved 1048576K
}
Event: 4440.340 GC heap before
{Heap before GC invocations=35 (full 4):
 PSYoungGen      total 483840K, used 472139K [0x00000000e0000000, 0x00000000fff80000, 0x0000000100000000)
  eden space 444928K, 99% used [0x00000000e0000000,0x00000000fb22f4c8,0x00000000fb280000)
  from space 38912K, 70% used [0x00000000fd980000,0x00000000ff4637b8,0x00000000fff80000)
  to   space 39424K, 0% used [0x00000000fb280000,0x00000000fb280000,0x00000000fd900000)
 ParOldGen       total 280064K, used 73968K [0x00000000a0000000, 0x00000000b1180000, 0x00000000e0000000)
  object space 280064K, 26% used [0x00000000a0000000,0x00000000a483c360,0x00000000b1180000)
 Metaspace       used 101087K, capacity 105766K, committed 106264K, reserved 1140736K
  class space    used 12986K, capacity 13866K, committed 14120K, reserved 1048576K
Event: 4440.346 GC heap after
Heap after GC invocations=35 (full 4):
 PSYoungGen      total 484352K, used 11546K [0x00000000e0000000, 0x0000000100000000, 0x0000000100000000)
  eden space 444928K, 0% used [0x00000000e0000000,0x00000000e0000000,0x00000000fb280000)
  from space 39424K, 29% used [0x00000000fb280000,0x00000000fbdc6910,0x00000000fd900000)
  to   space 39936K, 0% used [0x00000000fd900000,0x00000000fd900000,0x0000000100000000)
 ParOldGen       total 280064K, used 73968K [0x00000000a0000000, 0x00000000b1180000, 0x00000000e0000000)
  object space 280064K, 26% used [0x00000000a0000000,0x00000000a483c360,0x00000000b1180000)
 Metaspace       used 101087K, capacity 105766K, committed 106264K, reserved 1140736K
  class space    used 12986K, capacity 13866K, committed 14120K, reserved 1048576K
}
Event: 6961.936 GC heap before
{Heap before GC invocations=36 (full 4):
 PSYoungGen      total 484352K, used 456474K [0x00000000e0000000, 0x0000000100000000, 0x0000000100000000)
  eden space 444928K, 100% used [0x00000000e0000000,0x00000000fb280000,0x00000000fb280000)
  from space 39424K, 29% used [0x00000000fb280000,0x00000000fbdc6910,0x00000000fd900000)
  to   space 39936K, 0% used [0x00000000fd900000,0x00000000fd900000,0x0000000100000000)
 ParOldGen       total 280064K, used 73968K [0x00000000a0000000, 0x00000000b1180000, 0x00000000e0000000)
  object space 280064K, 26% used [0x00000000a0000000,0x00000000a483c360,0x00000000b1180000)
 Metaspace       used 103246K, capacity 108474K, committed 108696K, reserved 1142784K
  class space    used 13307K, capacity 14297K, committed 14504K, reserved 1048576K
Event: 6961.945 GC heap after
Heap after GC invocations=36 (full 4):
 PSYoungGen      total 483328K, used 9878K [0x00000000e0000000, 0x0000000100000000, 0x0000000100000000)
  eden space 443392K, 0% used [0x00000000e0000000,0x00000000e0000000,0x00000000fb100000)
  from space 39936K, 24% used [0x00000000fd900000,0x00000000fe2a5940,0x0000000100000000)
  to   space 40448K, 0% used [0x00000000fb100000,0x00000000fb100000,0x00000000fd880000)
 ParOldGen       total 280064K, used 73976K [0x00000000a0000000, 0x00000000b1180000, 0x00000000e0000000)
  object space 280064K, 26% used [0x00000000a0000000,0x00000000a483e360,0x00000000b1180000)
 Metaspace       used 103246K, capacity 108474K, committed 108696K, reserved 1142784K
  class space    used 13307K, capacity 14297K, committed 14504K, reserved 1048576K
}
Event: 6990.933 GC heap before
{Heap before GC invocations=37 (full 4):
 PSYoungGen      total 483328K, used 453270K [0x00000000e0000000, 0x0000000100000000, 0x0000000100000000)
  eden space 443392K, 100% used [0x00000000e0000000,0x00000000fb100000,0x00000000fb100000)
  from space 39936K, 24% used [0x00000000fd900000,0x00000000fe2a5940,0x0000000100000000)
  to   space 40448K, 0% used [0x00000000fb100000,0x00000000fb100000,0x00000000fd880000)
 ParOldGen       total 280064K, used 73976K [0x00000000a0000000, 0x00000000b1180000, 0x00000000e0000000)
  object space 280064K, 26% used [0x00000000a0000000,0x00000000a483e360,0x00000000b1180000)
 Metaspace       used 104451K, capacity 109844K, committed 110104K, reserved 1144832K
  class space    used 13385K, capacity 14373K, committed 14632K, reserved 1048576K
Event: 6990.960 GC heap after
Heap after GC invocations=37 (full 4):
 PSYoungGen      total 471040K, used 27327K [0x00000000e0000000, 0x0000000100000000, 0x0000000100000000)
  eden space 443392K, 0% used [0x00000000e0000000,0x00000000e0000000,0x00000000fb100000)
  from space 27648K, 98% used [0x00000000fb100000,0x00000000fcbafcb8,0x00000000fcc00000)
  to   space 40960K, 0% used [0x00000000fd800000,0x00000000fd800000,0x0000000100000000)
 ParOldGen       total 280064K, used 73984K [0x00000000a0000000, 0x00000000b1180000, 0x00000000e0000000)
  object space 280064K, 26% used [0x00000000a0000000,0x00000000a4840360,0x00000000b1180000)
 Metaspace       used 104451K, capacity 109844K, committed 110104K, reserved 1144832K
  class space    used 13385K, capacity 14373K, committed 14632K, reserved 1048576K
}

