# JRE version: OpenJDK Runtime Environment (8.0_202-b03) (build 1.8.0_202-release-1483-b03)
# Java VM: OpenJDK 64-Bit Server VM (25.202-b03 mixed mode windows-amd64 compressed oops)
Heap:
 PSYoungGen      total 253952K, used 130918K [0x00000000e0000000, 0x00000000f7600000, 0x0000000100000000)
  eden space 193536K, 36% used [0x00000000e0000000,0x00000000e44df088,0x00000000ebd00000)
  from space 60416K, 99% used [0x00000000ebd00000,0x00000000ef7fa828,0x00000000ef800000)
  to   space 76288K, 0% used [0x00000000f2b80000,0x00000000f2b80000,0x00000000f7600000)
 ParOldGen       total 280576K, used 102998K [0x00000000a0000000, 0x00000000b1200000, 0x00000000e0000000)
  object space 280576K, 36% used [0x00000000a0000000,0x00000000a6495800,0x00000000b1200000)
 Metaspace       used 90804K, capacity 95276K, committed 95320K, reserved 1132544K
  class space    used 12079K, capacity 12920K, committed 12928K, reserved 1048576K
GC Heap History (10 events):
Event: 22.958 GC heap before
{Heap before GC invocations=16 (full 3):
 PSYoungGen      total 183296K, used 183278K [0x00000000e0000000, 0x00000000ed900000, 0x0000000100000000)
  eden space 157184K, 100% used [0x00000000e0000000,0x00000000e9980000,0x00000000e9980000)
  from space 26112K, 99% used [0x00000000eb680000,0x00000000ecffb8d8,0x00000000ed000000)
  to   space 29696K, 0% used [0x00000000e9980000,0x00000000e9980000,0x00000000eb680000)
 ParOldGen       total 280576K, used 44412K [0x00000000a0000000, 0x00000000b1200000, 0x00000000e0000000)
  object space 280576K, 15% used [0x00000000a0000000,0x00000000a2b5f380,0x00000000b1200000)
 Metaspace       used 79749K, capacity 82702K, committed 82904K, reserved 1120256K
  class space    used 10549K, capacity 11197K, committed 11264K, reserved 1048576K
Event: 22.976 GC heap after
Heap after GC invocations=16 (full 3):
 PSYoungGen      total 186880K, used 28969K [0x00000000e0000000, 0x00000000eea00000, 0x0000000100000000)
  eden space 157184K, 0% used [0x00000000e0000000,0x00000000e0000000,0x00000000e9980000)
  from space 29696K, 97% used [0x00000000e9980000,0x00000000eb5ca690,0x00000000eb680000)
  to   space 33280K, 0% used [0x00000000ec980000,0x00000000ec980000,0x00000000eea00000)
 ParOldGen       total 280576K, used 53074K [0x00000000a0000000, 0x00000000b1200000, 0x00000000e0000000)
  object space 280576K, 18% used [0x00000000a0000000,0x00000000a33d4810,0x00000000b1200000)
 Metaspace       used 79749K, capacity 82702K, committed 82904K, reserved 1120256K
  class space    used 10549K, capacity 11197K, committed 11264K, reserved 1048576K
}
Event: 23.819 GC heap before
{Heap before GC invocations=17 (full 3):
 PSYoungGen      total 186880K, used 186153K [0x00000000e0000000, 0x00000000eea00000, 0x0000000100000000)
  eden space 157184K, 100% used [0x00000000e0000000,0x00000000e9980000,0x00000000e9980000)
  from space 29696K, 97% used [0x00000000e9980000,0x00000000eb5ca690,0x00000000eb680000)
  to   space 33280K, 0% used [0x00000000ec980000,0x00000000ec980000,0x00000000eea00000)
 ParOldGen       total 280576K, used 53074K [0x00000000a0000000, 0x00000000b1200000, 0x00000000e0000000)
  object space 280576K, 18% used [0x00000000a0000000,0x00000000a33d4810,0x00000000b1200000)
 Metaspace       used 86899K, capacity 91234K, committed 91352K, reserved 1128448K
  class space    used 11669K, capacity 12491K, committed 12544K, reserved 1048576K
Event: 23.835 GC heap after
Heap after GC invocations=17 (full 3):
 PSYoungGen      total 203264K, used 29963K [0x00000000e0000000, 0x00000000ef600000, 0x0000000100000000)
  eden space 169984K, 0% used [0x00000000e0000000,0x00000000e0000000,0x00000000ea600000)
  from space 33280K, 90% used [0x00000000ec980000,0x00000000ee6c2eb8,0x00000000eea00000)
  to   space 36352K, 0% used [0x00000000ea600000,0x00000000ea600000,0x00000000ec980000)
 ParOldGen       total 280576K, used 53090K [0x00000000a0000000, 0x00000000b1200000, 0x00000000e0000000)
  object space 280576K, 18% used [0x00000000a0000000,0x00000000a33d8810,0x00000000b1200000)
 Metaspace       used 86899K, capacity 91234K, committed 91352K, reserved 1128448K
  class space    used 11669K, capacity 12491K, committed 12544K, reserved 1048576K
}
Event: 24.180 GC heap before
{Heap before GC invocations=18 (full 3):
 PSYoungGen      total 203264K, used 199947K [0x00000000e0000000, 0x00000000ef600000, 0x0000000100000000)
  eden space 169984K, 100% used [0x00000000e0000000,0x00000000ea600000,0x00000000ea600000)
  from space 33280K, 90% used [0x00000000ec980000,0x00000000ee6c2eb8,0x00000000eea00000)
  to   space 36352K, 0% used [0x00000000ea600000,0x00000000ea600000,0x00000000ec980000)
 ParOldGen       total 280576K, used 53090K [0x00000000a0000000, 0x00000000b1200000, 0x00000000e0000000)
  object space 280576K, 18% used [0x00000000a0000000,0x00000000a33d8810,0x00000000b1200000)
 Metaspace       used 87570K, capacity 91908K, committed 92248K, reserved 1128448K
  class space    used 11733K, capacity 12576K, committed 12672K, reserved 1048576K
Event: 24.198 GC heap after
Heap after GC invocations=18 (full 3):
 PSYoungGen      total 206336K, used 36342K [0x00000000e0000000, 0x00000000f2400000, 0x0000000100000000)
  eden space 169984K, 0% used [0x00000000e0000000,0x00000000e0000000,0x00000000ea600000)
  from space 36352K, 99% used [0x00000000ea600000,0x00000000ec97d8c0,0x00000000ec980000)
  to   space 45056K, 0% used [0x00000000ef800000,0x00000000ef800000,0x00000000f2400000)
 ParOldGen       total 280576K, used 62092K [0x00000000a0000000, 0x00000000b1200000, 0x00000000e0000000)
  object space 280576K, 22% used [0x00000000a0000000,0x00000000a3ca31b8,0x00000000b1200000)
 Metaspace       used 87570K, capacity 91908K, committed 92248K, reserved 1128448K
  class space    used 11733K, capacity 12576K, committed 12672K, reserved 1048576K
}
Event: 25.093 GC heap before
{Heap before GC invocations=19 (full 3):
 PSYoungGen      total 206336K, used 206326K [0x00000000e0000000, 0x00000000f2400000, 0x0000000100000000)
  eden space 169984K, 100% used [0x00000000e0000000,0x00000000ea600000,0x00000000ea600000)
  from space 36352K, 99% used [0x00000000ea600000,0x00000000ec97d8c0,0x00000000ec980000)
  to   space 45056K, 0% used [0x00000000ef800000,0x00000000ef800000,0x00000000f2400000)
 ParOldGen       total 280576K, used 62092K [0x00000000a0000000, 0x00000000b1200000, 0x00000000e0000000)
  object space 280576K, 22% used [0x00000000a0000000,0x00000000a3ca31b8,0x00000000b1200000)
 Metaspace       used 89864K, capacity 94412K, committed 94552K, reserved 1130496K
  class space    used 12028K, capacity 12878K, committed 12928K, reserved 1048576K
Event: 25.130 GC heap after
Heap after GC invocations=19 (full 3):
 PSYoungGen      total 238592K, used 45041K [0x00000000e0000000, 0x00000000f4780000, 0x0000000100000000)
  eden space 193536K, 0% used [0x00000000e0000000,0x00000000e0000000,0x00000000ebd00000)
  from space 45056K, 99% used [0x00000000ef800000,0x00000000f23fc710,0x00000000f2400000)
  to   space 60416K, 0% used [0x00000000ebd00000,0x00000000ebd00000,0x00000000ef800000)
 ParOldGen       total 280576K, used 85869K [0x00000000a0000000, 0x00000000b1200000, 0x00000000e0000000)
  object space 280576K, 30% used [0x00000000a0000000,0x00000000a53db6e0,0x00000000b1200000)
 Metaspace       used 89864K, capacity 94412K, committed 94552K, reserved 1130496K
  class space    used 12028K, capacity 12878K, committed 12928K, reserved 1048576K
}
Event: 26.070 GC heap before
{Heap before GC invocations=20 (full 3):
 PSYoungGen      total 238592K, used 238577K [0x00000000e0000000, 0x00000000f4780000, 0x0000000100000000)
  eden space 193536K, 100% used [0x00000000e0000000,0x00000000ebd00000,0x00000000ebd00000)
  from space 45056K, 99% used [0x00000000ef800000,0x00000000f23fc710,0x00000000f2400000)
  to   space 60416K, 0% used [0x00000000ebd00000,0x00000000ebd00000,0x00000000ef800000)
 ParOldGen       total 280576K, used 85869K [0x00000000a0000000, 0x00000000b1200000, 0x00000000e0000000)
  object space 280576K, 30% used [0x00000000a0000000,0x00000000a53db6e0,0x00000000b1200000)
 Metaspace       used 90347K, capacity 94912K, committed 95064K, reserved 1132544K
  class space    used 12054K, capacity 12886K, committed 12928K, reserved 1048576K
Event: 26.111 GC heap after
Heap after GC invocations=20 (full 3):
 PSYoungGen      total 253952K, used 60394K [0x00000000e0000000, 0x00000000f7600000, 0x0000000100000000)
  eden space 193536K, 0% used [0x00000000e0000000,0x00000000e0000000,0x00000000ebd00000)
  from space 60416K, 99% used [0x00000000ebd00000,0x00000000ef7fa828,0x00000000ef800000)
  to   space 76288K, 0% used [0x00000000f2b80000,0x00000000f2b80000,0x00000000f7600000)
 ParOldGen       total 280576K, used 102998K [0x00000000a0000000, 0x00000000b1200000, 0x00000000e0000000)
  object space 280576K, 36% used [0x00000000a0000000,0x00000000a6495800,0x00000000b1200000)
 Metaspace       used 90347K, capacity 94912K, committed 95064K, reserved 1132544K
  class space    used 12054K, capacity 12886K, committed 12928K, reserved 1048576K
}

