# JRE version: OpenJDK Runtime Environment (8.0_202-b03) (build 1.8.0_202-release-1483-b03)
# Java VM: OpenJDK 64-Bit Server VM (25.202-b03 mixed mode windows-amd64 compressed oops)
Heap:
 PSYoungGen      total 374272K, used 67201K [0x00000000e0000000, 0x00000000f8d80000, 0x0000000100000000)
  eden space 354816K, 18% used [0x00000000e0000000,0x00000000e41a0400,0x00000000f5a80000)
  from space 19456K, 0% used [0x00000000f7a80000,0x00000000f7a80000,0x00000000f8d80000)
  to   space 24576K, 0% used [0x00000000f5d80000,0x00000000f5d80000,0x00000000f7580000)
 ParOldGen       total 116736K, used 33321K [0x00000000a0000000, 0x00000000a7200000, 0x00000000e0000000)
  object space 116736K, 28% used [0x00000000a0000000,0x00000000a208a508,0x00000000a7200000)
 Metaspace       used 60762K, capacity 62728K, committed 63064K, reserved 1103872K
  class space    used 8226K, capacity 8710K, committed 8792K, reserved 1048576K
GC Heap History (10 events):
Event: 10.834 GC heap before
{Heap before GC invocations=7 (full 1):
 PSYoungGen      total 138240K, used 19973K [0x00000000e0000000, 0x00000000ef200000, 0x0000000100000000)
  eden space 127488K, 7% used [0x00000000e0000000,0x00000000e0901578,0x00000000e7c80000)
  from space 10752K, 100% used [0x00000000e7c80000,0x00000000e8700000,0x00000000e8700000)
  to   space 16384K, 0% used [0x00000000ee200000,0x00000000ee200000,0x00000000ef200000)
 ParOldGen       total 87040K, used 15699K [0x00000000a0000000, 0x00000000a5500000, 0x00000000e0000000)
  object space 87040K, 18% used [0x00000000a0000000,0x00000000a0f54c68,0x00000000a5500000)
 Metaspace       used 34540K, capacity 35266K, committed 35416K, reserved 1079296K
  class space    used 4735K, capacity 4935K, committed 4952K, reserved 1048576K
Event: 10.926 GC heap after
Heap after GC invocations=7 (full 1):
 PSYoungGen      total 231936K, used 11150K [0x00000000e0000000, 0x00000000f0580000, 0x0000000100000000)
  eden space 215552K, 0% used [0x00000000e0000000,0x00000000e0000000,0x00000000ed280000)
  from space 16384K, 68% used [0x00000000ee200000,0x00000000eece3bc0,0x00000000ef200000)
  to   space 15872K, 0% used [0x00000000ed280000,0x00000000ed280000,0x00000000ee200000)
 ParOldGen       total 87040K, used 15707K [0x00000000a0000000, 0x00000000a5500000, 0x00000000e0000000)
  object space 87040K, 18% used [0x00000000a0000000,0x00000000a0f56c68,0x00000000a5500000)
 Metaspace       used 34540K, capacity 35266K, committed 35416K, reserved 1079296K
  class space    used 4735K, capacity 4935K, committed 4952K, reserved 1048576K
}
Event: 10.927 GC heap before
{Heap before GC invocations=8 (full 2):
 PSYoungGen      total 231936K, used 11150K [0x00000000e0000000, 0x00000000f0580000, 0x0000000100000000)
  eden space 215552K, 0% used [0x00000000e0000000,0x00000000e0000000,0x00000000ed280000)
  from space 16384K, 68% used [0x00000000ee200000,0x00000000eece3bc0,0x00000000ef200000)
  to   space 15872K, 0% used [0x00000000ed280000,0x00000000ed280000,0x00000000ee200000)
 ParOldGen       total 87040K, used 15707K [0x00000000a0000000, 0x00000000a5500000, 0x00000000e0000000)
  object space 87040K, 18% used [0x00000000a0000000,0x00000000a0f56c68,0x00000000a5500000)
 Metaspace       used 34540K, capacity 35266K, committed 35416K, reserved 1079296K
  class space    used 4735K, capacity 4935K, committed 4952K, reserved 1048576K
Event: 11.076 GC heap after
Heap after GC invocations=8 (full 2):
 PSYoungGen      total 231936K, used 0K [0x00000000e0000000, 0x00000000f0580000, 0x0000000100000000)
  eden space 215552K, 0% used [0x00000000e0000000,0x00000000e0000000,0x00000000ed280000)
  from space 16384K, 0% used [0x00000000ee200000,0x00000000ee200000,0x00000000ef200000)
  to   space 15872K, 0% used [0x00000000ed280000,0x00000000ed280000,0x00000000ee200000)
 ParOldGen       total 116736K, used 19084K [0x00000000a0000000, 0x00000000a7200000, 0x00000000e0000000)
  object space 116736K, 16% used [0x00000000a0000000,0x00000000a12a31c0,0x00000000a7200000)
 Metaspace       used 34535K, capacity 35248K, committed 35416K, reserved 1079296K
  class space    used 4734K, capacity 4932K, committed 4952K, reserved 1048576K
}
Event: 17.220 GC heap before
{Heap before GC invocations=9 (full 2):
 PSYoungGen      total 231936K, used 215552K [0x00000000e0000000, 0x00000000f0580000, 0x0000000100000000)
  eden space 215552K, 100% used [0x00000000e0000000,0x00000000ed280000,0x00000000ed280000)
  from space 16384K, 0% used [0x00000000ee200000,0x00000000ee200000,0x00000000ef200000)
  to   space 15872K, 0% used [0x00000000ed280000,0x00000000ed280000,0x00000000ee200000)
 ParOldGen       total 116736K, used 19084K [0x00000000a0000000, 0x00000000a7200000, 0x00000000e0000000)
  object space 116736K, 16% used [0x00000000a0000000,0x00000000a12a31c0,0x00000000a7200000)
 Metaspace       used 53230K, capacity 54658K, committed 54744K, reserved 1095680K
  class space    used 7184K, capacity 7578K, committed 7640K, reserved 1048576K
Event: 17.244 GC heap after
Heap after GC invocations=9 (full 2):
 PSYoungGen      total 231424K, used 15848K [0x00000000e0000000, 0x00000000f9100000, 0x0000000100000000)
  eden space 215552K, 0% used [0x00000000e0000000,0x00000000e0000000,0x00000000ed280000)
  from space 15872K, 99% used [0x00000000ed280000,0x00000000ee1fa110,0x00000000ee200000)
  to   space 23040K, 0% used [0x00000000f7a80000,0x00000000f7a80000,0x00000000f9100000)
 ParOldGen       total 116736K, used 28865K [0x00000000a0000000, 0x00000000a7200000, 0x00000000e0000000)
  object space 116736K, 24% used [0x00000000a0000000,0x00000000a1c30400,0x00000000a7200000)
 Metaspace       used 53230K, capacity 54658K, committed 54744K, reserved 1095680K
  class space    used 7184K, capacity 7578K, committed 7640K, reserved 1048576K
}
Event: 19.194 GC heap before
{Heap before GC invocations=10 (full 2):
 PSYoungGen      total 231424K, used 91644K [0x00000000e0000000, 0x00000000f9100000, 0x0000000100000000)
  eden space 215552K, 35% used [0x00000000e0000000,0x00000000e4a04fa8,0x00000000ed280000)
  from space 15872K, 99% used [0x00000000ed280000,0x00000000ee1fa110,0x00000000ee200000)
  to   space 23040K, 0% used [0x00000000f7a80000,0x00000000f7a80000,0x00000000f9100000)
 ParOldGen       total 116736K, used 28865K [0x00000000a0000000, 0x00000000a7200000, 0x00000000e0000000)
  object space 116736K, 24% used [0x00000000a0000000,0x00000000a1c30400,0x00000000a7200000)
 Metaspace       used 57247K, capacity 59000K, committed 59028K, reserved 1099776K
  class space    used 7707K, capacity 8138K, committed 8152K, reserved 1048576K
Event: 19.211 GC heap after
Heap after GC invocations=10 (full 2):
 PSYoungGen      total 374272K, used 19101K [0x00000000e0000000, 0x00000000f8d80000, 0x0000000100000000)
  eden space 354816K, 0% used [0x00000000e0000000,0x00000000e0000000,0x00000000f5a80000)
  from space 19456K, 98% used [0x00000000f7a80000,0x00000000f8d276b8,0x00000000f8d80000)
  to   space 24576K, 0% used [0x00000000f5d80000,0x00000000f5d80000,0x00000000f7580000)
 ParOldGen       total 116736K, used 28937K [0x00000000a0000000, 0x00000000a7200000, 0x00000000e0000000)
  object space 116736K, 24% used [0x00000000a0000000,0x00000000a1c42410,0x00000000a7200000)
 Metaspace       used 57247K, capacity 59000K, committed 59028K, reserved 1099776K
  class space    used 7707K, capacity 8138K, committed 8152K, reserved 1048576K
}
Event: 19.211 GC heap before
{Heap before GC invocations=11 (full 3):
 PSYoungGen      total 374272K, used 19101K [0x00000000e0000000, 0x00000000f8d80000, 0x0000000100000000)
  eden space 354816K, 0% used [0x00000000e0000000,0x00000000e0000000,0x00000000f5a80000)
  from space 19456K, 98% used [0x00000000f7a80000,0x00000000f8d276b8,0x00000000f8d80000)
  to   space 24576K, 0% used [0x00000000f5d80000,0x00000000f5d80000,0x00000000f7580000)
 ParOldGen       total 116736K, used 28937K [0x00000000a0000000, 0x00000000a7200000, 0x00000000e0000000)
  object space 116736K, 24% used [0x00000000a0000000,0x00000000a1c42410,0x00000000a7200000)
 Metaspace       used 57247K, capacity 59000K, committed 59028K, reserved 1099776K
  class space    used 7707K, capacity 8138K, committed 8152K, reserved 1048576K
Event: 19.621 GC heap after
Heap after GC invocations=11 (full 3):
 PSYoungGen      total 374272K, used 0K [0x00000000e0000000, 0x00000000f8d80000, 0x0000000100000000)
  eden space 354816K, 0% used [0x00000000e0000000,0x00000000e0000000,0x00000000f5a80000)
  from space 19456K, 0% used [0x00000000f7a80000,0x00000000f7a80000,0x00000000f8d80000)
  to   space 24576K, 0% used [0x00000000f5d80000,0x00000000f5d80000,0x00000000f7580000)
 ParOldGen       total 116736K, used 33321K [0x00000000a0000000, 0x00000000a7200000, 0x00000000e0000000)
  object space 116736K, 28% used [0x00000000a0000000,0x00000000a208a508,0x00000000a7200000)
 Metaspace       used 57247K, capacity 59000K, committed 59028K, reserved 1099776K
  class space    used 7707K, capacity 8138K, committed 8152K, reserved 1048576K
}

