# JRE version: OpenJDK Runtime Environment (8.0_202-b03) (build 1.8.0_202-release-1483-b03)
# Java VM: OpenJDK 64-Bit Server VM (25.202-b03 mixed mode windows-amd64 compressed oops)
Heap:
 PSYoungGen      total 143872K, used 120847K [0x00000000e0000000, 0x00000000ec200000, 0x0000000100000000)
  eden space 124928K, 96% used [0x00000000e0000000,0x00000000e7603e00,0x00000000e7a00000)
  from space 18944K, 0% used [0x00000000e7a00000,0x00000000e7a00000,0x00000000e8c80000)
  to   space 23040K, 0% used [0x00000000eab80000,0x00000000eab80000,0x00000000ec200000)
 ParOldGen       total 284672K, used 39016K [0x00000000a0000000, 0x00000000b1600000, 0x00000000e0000000)
  object space 284672K, 13% used [0x00000000a0000000,0x00000000a261a398,0x00000000b1600000)
 Metaspace       used 63242K, capacity 65388K, committed 65560K, reserved 1105920K
  class space    used 8682K, capacity 9179K, committed 9256K, reserved 1048576K
GC Heap History (10 events):
Event: 3.733 GC heap before
{Heap before GC invocations=8 (full 2):
 PSYoungGen      total 110592K, used 10925K [0x00000000e0000000, 0x00000000e7e80000, 0x0000000100000000)
  eden space 97280K, 0% used [0x00000000e0000000,0x00000000e0000000,0x00000000e5f00000)
  from space 13312K, 82% used [0x00000000e6c80000,0x00000000e772b7b8,0x00000000e7980000)
  to   space 13824K, 0% used [0x00000000e5f00000,0x00000000e5f00000,0x00000000e6c80000)
 ParOldGen       total 115200K, used 12563K [0x00000000a0000000, 0x00000000a7080000, 0x00000000e0000000)
  object space 115200K, 10% used [0x00000000a0000000,0x00000000a0c44da8,0x00000000a7080000)
 Metaspace       used 34669K, capacity 35374K, committed 35496K, reserved 1079296K
  class space    used 4801K, capacity 4993K, committed 5032K, reserved 1048576K
Event: 3.789 GC heap after
Heap after GC invocations=8 (full 2):
 PSYoungGen      total 110592K, used 0K [0x00000000e0000000, 0x00000000e7e80000, 0x0000000100000000)
  eden space 97280K, 0% used [0x00000000e0000000,0x00000000e0000000,0x00000000e5f00000)
  from space 13312K, 0% used [0x00000000e6c80000,0x00000000e6c80000,0x00000000e7980000)
  to   space 13824K, 0% used [0x00000000e5f00000,0x00000000e5f00000,0x00000000e6c80000)
 ParOldGen       total 187392K, used 18504K [0x00000000a0000000, 0x00000000ab700000, 0x00000000e0000000)
  object space 187392K, 9% used [0x00000000a0000000,0x00000000a12121f8,0x00000000ab700000)
 Metaspace       used 34669K, capacity 35374K, committed 35496K, reserved 1079296K
  class space    used 4801K, capacity 4993K, committed 5032K, reserved 1048576K
}
Event: 4.806 GC heap before
{Heap before GC invocations=9 (full 2):
 PSYoungGen      total 110592K, used 96936K [0x00000000e0000000, 0x00000000e7e80000, 0x0000000100000000)
  eden space 97280K, 99% used [0x00000000e0000000,0x00000000e5eaa2f0,0x00000000e5f00000)
  from space 13312K, 0% used [0x00000000e6c80000,0x00000000e6c80000,0x00000000e7980000)
  to   space 13824K, 0% used [0x00000000e5f00000,0x00000000e5f00000,0x00000000e6c80000)
 ParOldGen       total 187392K, used 18504K [0x00000000a0000000, 0x00000000ab700000, 0x00000000e0000000)
  object space 187392K, 9% used [0x00000000a0000000,0x00000000a12121f8,0x00000000ab700000)
 Metaspace       used 43603K, capacity 44918K, committed 45224K, reserved 1087488K
  class space    used 5918K, capacity 6247K, committed 6312K, reserved 1048576K
Event: 4.814 GC heap after
Heap after GC invocations=9 (full 2):
 PSYoungGen      total 111104K, used 13795K [0x00000000e0000000, 0x00000000e9c00000, 0x0000000100000000)
  eden space 97280K, 0% used [0x00000000e0000000,0x00000000e0000000,0x00000000e5f00000)
  from space 13824K, 99% used [0x00000000e5f00000,0x00000000e6c78e58,0x00000000e6c80000)
  to   space 15872K, 0% used [0x00000000e8c80000,0x00000000e8c80000,0x00000000e9c00000)
 ParOldGen       total 187392K, used 19399K [0x00000000a0000000, 0x00000000ab700000, 0x00000000e0000000)
  object space 187392K, 10% used [0x00000000a0000000,0x00000000a12f1db0,0x00000000ab700000)
 Metaspace       used 43603K, capacity 44918K, committed 45224K, reserved 1087488K
  class space    used 5918K, capacity 6247K, committed 6312K, reserved 1048576K
}
Event: 5.502 GC heap before
{Heap before GC invocations=10 (full 2):
 PSYoungGen      total 111104K, used 111075K [0x00000000e0000000, 0x00000000e9c00000, 0x0000000100000000)
  eden space 97280K, 100% used [0x00000000e0000000,0x00000000e5f00000,0x00000000e5f00000)
  from space 13824K, 99% used [0x00000000e5f00000,0x00000000e6c78e58,0x00000000e6c80000)
  to   space 15872K, 0% used [0x00000000e8c80000,0x00000000e8c80000,0x00000000e9c00000)
 ParOldGen       total 187392K, used 19399K [0x00000000a0000000, 0x00000000ab700000, 0x00000000e0000000)
  object space 187392K, 10% used [0x00000000a0000000,0x00000000a12f1db0,0x00000000ab700000)
 Metaspace       used 50814K, capacity 52480K, committed 52648K, reserved 1095680K
  class space    used 6872K, capacity 7295K, committed 7336K, reserved 1048576K
Event: 5.514 GC heap after
Heap after GC invocations=10 (full 2):
 PSYoungGen      total 140800K, used 15842K [0x00000000e0000000, 0x00000000ea480000, 0x0000000100000000)
  eden space 124928K, 0% used [0x00000000e0000000,0x00000000e0000000,0x00000000e7a00000)
  from space 15872K, 99% used [0x00000000e8c80000,0x00000000e9bf8a30,0x00000000e9c00000)
  to   space 18944K, 0% used [0x00000000e7a00000,0x00000000e7a00000,0x00000000e8c80000)
 ParOldGen       total 187392K, used 22376K [0x00000000a0000000, 0x00000000ab700000, 0x00000000e0000000)
  object space 187392K, 11% used [0x00000000a0000000,0x00000000a15da1c0,0x00000000ab700000)
 Metaspace       used 50814K, capacity 52480K, committed 52648K, reserved 1095680K
  class space    used 6872K, capacity 7295K, committed 7336K, reserved 1048576K
}
Event: 6.268 GC heap before
{Heap before GC invocations=11 (full 2):
 PSYoungGen      total 140800K, used 111133K [0x00000000e0000000, 0x00000000ea480000, 0x0000000100000000)
  eden space 124928K, 76% used [0x00000000e0000000,0x00000000e5d0ec60,0x00000000e7a00000)
  from space 15872K, 99% used [0x00000000e8c80000,0x00000000e9bf8a30,0x00000000e9c00000)
  to   space 18944K, 0% used [0x00000000e7a00000,0x00000000e7a00000,0x00000000e8c80000)
 ParOldGen       total 187392K, used 22376K [0x00000000a0000000, 0x00000000ab700000, 0x00000000e0000000)
  object space 187392K, 11% used [0x00000000a0000000,0x00000000a15da1c0,0x00000000ab700000)
 Metaspace       used 57150K, capacity 59138K, committed 59160K, reserved 1099776K
  class space    used 7704K, capacity 8210K, committed 8232K, reserved 1048576K
Event: 6.284 GC heap after
Heap after GC invocations=11 (full 2):
 PSYoungGen      total 143872K, used 18924K [0x00000000e0000000, 0x00000000ec200000, 0x0000000100000000)
  eden space 124928K, 0% used [0x00000000e0000000,0x00000000e0000000,0x00000000e7a00000)
  from space 18944K, 99% used [0x00000000e7a00000,0x00000000e8c7b310,0x00000000e8c80000)
  to   space 23040K, 0% used [0x00000000eab80000,0x00000000eab80000,0x00000000ec200000)
 ParOldGen       total 187392K, used 27253K [0x00000000a0000000, 0x00000000ab700000, 0x00000000e0000000)
  object space 187392K, 14% used [0x00000000a0000000,0x00000000a1a9d7e0,0x00000000ab700000)
 Metaspace       used 57150K, capacity 59138K, committed 59160K, reserved 1099776K
  class space    used 7704K, capacity 8210K, committed 8232K, reserved 1048576K
}
Event: 6.284 GC heap before
{Heap before GC invocations=12 (full 3):
 PSYoungGen      total 143872K, used 18924K [0x00000000e0000000, 0x00000000ec200000, 0x0000000100000000)
  eden space 124928K, 0% used [0x00000000e0000000,0x00000000e0000000,0x00000000e7a00000)
  from space 18944K, 99% used [0x00000000e7a00000,0x00000000e8c7b310,0x00000000e8c80000)
  to   space 23040K, 0% used [0x00000000eab80000,0x00000000eab80000,0x00000000ec200000)
 ParOldGen       total 187392K, used 27253K [0x00000000a0000000, 0x00000000ab700000, 0x00000000e0000000)
  object space 187392K, 14% used [0x00000000a0000000,0x00000000a1a9d7e0,0x00000000ab700000)
 Metaspace       used 57150K, capacity 59138K, committed 59160K, reserved 1099776K
  class space    used 7704K, capacity 8210K, committed 8232K, reserved 1048576K
Event: 6.481 GC heap after
Heap after GC invocations=12 (full 3):
 PSYoungGen      total 143872K, used 0K [0x00000000e0000000, 0x00000000ec200000, 0x0000000100000000)
  eden space 124928K, 0% used [0x00000000e0000000,0x00000000e0000000,0x00000000e7a00000)
  from space 18944K, 0% used [0x00000000e7a00000,0x00000000e7a00000,0x00000000e8c80000)
  to   space 23040K, 0% used [0x00000000eab80000,0x00000000eab80000,0x00000000ec200000)
 ParOldGen       total 284672K, used 39016K [0x00000000a0000000, 0x00000000b1600000, 0x00000000e0000000)
  object space 284672K, 13% used [0x00000000a0000000,0x00000000a261a398,0x00000000b1600000)
 Metaspace       used 57116K, capacity 59024K, committed 59160K, reserved 1099776K
  class space    used 7694K, capacity 8191K, committed 8232K, reserved 1048576K
}

