# JRE version: OpenJDK Runtime Environment (8.0_202-b03) (build 1.8.0_202-release-1483-b03)
# Java VM: OpenJDK 64-Bit Server VM (25.202-b03 mixed mode windows-amd64 compressed oops)
Heap:
 PSYoungGen      total 180224K, used 74859K [0x00000000e0000000, 0x00000000ede00000, 0x0000000100000000)
  eden space 155648K, 32% used [0x00000000e0000000,0x00000000e3122870,0x00000000e9800000)
  from space 24576K, 99% used [0x00000000eb700000,0x00000000ecef84c0,0x00000000ecf00000)
  to   space 31744K, 0% used [0x00000000e9800000,0x00000000e9800000,0x00000000eb700000)
 ParOldGen       total 290304K, used 50203K [0x00000000a0000000, 0x00000000b1b80000, 0x00000000e0000000)
  object space 290304K, 17% used [0x00000000a0000000,0x00000000a3106cb0,0x00000000b1b80000)
 Metaspace       used 70255K, capacity 73512K, committed 73624K, reserved 1112064K
  class space    used 9645K, capacity 10349K, committed 10408K, reserved 1048576K
GC Heap History (10 events):
Event: 6.474 GC heap before
{Heap before GC invocations=11 (full 2):
 PSYoungGen      total 135680K, used 116343K [0x00000000e0000000, 0x00000000e9d80000, 0x0000000100000000)
  eden space 120832K, 84% used [0x00000000e0000000,0x00000000e631f790,0x00000000e7600000)
  from space 14848K, 99% used [0x00000000e8780000,0x00000000e95fe7f0,0x00000000e9600000)
  to   space 17920K, 0% used [0x00000000e7600000,0x00000000e7600000,0x00000000e8780000)
 ParOldGen       total 190976K, used 22145K [0x00000000a0000000, 0x00000000aba80000, 0x00000000e0000000)
  object space 190976K, 11% used [0x00000000a0000000,0x00000000a15a07d0,0x00000000aba80000)
 Metaspace       used 57210K, capacity 59110K, committed 59160K, reserved 1099776K
  class space    used 7709K, capacity 8206K, committed 8232K, reserved 1048576K
Event: 6.489 GC heap after
Heap after GC invocations=11 (full 2):
 PSYoungGen      total 138752K, used 17916K [0x00000000e0000000, 0x00000000ebb80000, 0x0000000100000000)
  eden space 120832K, 0% used [0x00000000e0000000,0x00000000e0000000,0x00000000e7600000)
  from space 17920K, 99% used [0x00000000e7600000,0x00000000e877f3a0,0x00000000e8780000)
  to   space 22528K, 0% used [0x00000000ea580000,0x00000000ea580000,0x00000000ebb80000)
 ParOldGen       total 190976K, used 28800K [0x00000000a0000000, 0x00000000aba80000, 0x00000000e0000000)
  object space 190976K, 15% used [0x00000000a0000000,0x00000000a1c20100,0x00000000aba80000)
 Metaspace       used 57210K, capacity 59110K, committed 59160K, reserved 1099776K
  class space    used 7709K, capacity 8206K, committed 8232K, reserved 1048576K
}
Event: 6.489 GC heap before
{Heap before GC invocations=12 (full 3):
 PSYoungGen      total 138752K, used 17916K [0x00000000e0000000, 0x00000000ebb80000, 0x0000000100000000)
  eden space 120832K, 0% used [0x00000000e0000000,0x00000000e0000000,0x00000000e7600000)
  from space 17920K, 99% used [0x00000000e7600000,0x00000000e877f3a0,0x00000000e8780000)
  to   space 22528K, 0% used [0x00000000ea580000,0x00000000ea580000,0x00000000ebb80000)
 ParOldGen       total 190976K, used 28800K [0x00000000a0000000, 0x00000000aba80000, 0x00000000e0000000)
  object space 190976K, 15% used [0x00000000a0000000,0x00000000a1c20100,0x00000000aba80000)
 Metaspace       used 57210K, capacity 59110K, committed 59160K, reserved 1099776K
  class space    used 7709K, capacity 8206K, committed 8232K, reserved 1048576K
Event: 6.664 GC heap after
Heap after GC invocations=12 (full 3):
 PSYoungGen      total 138752K, used 0K [0x00000000e0000000, 0x00000000ebb80000, 0x0000000100000000)
  eden space 120832K, 0% used [0x00000000e0000000,0x00000000e0000000,0x00000000e7600000)
  from space 17920K, 0% used [0x00000000e7600000,0x00000000e7600000,0x00000000e8780000)
  to   space 22528K, 0% used [0x00000000ea580000,0x00000000ea580000,0x00000000ebb80000)
 ParOldGen       total 290304K, used 39865K [0x00000000a0000000, 0x00000000b1b80000, 0x00000000e0000000)
  object space 290304K, 13% used [0x00000000a0000000,0x00000000a26ee620,0x00000000b1b80000)
 Metaspace       used 57182K, capacity 59020K, committed 59160K, reserved 1099776K
  class space    used 7701K, capacity 8191K, committed 8232K, reserved 1048576K
}
Event: 7.524 GC heap before
{Heap before GC invocations=13 (full 3):
 PSYoungGen      total 138752K, used 120832K [0x00000000e0000000, 0x00000000ebb80000, 0x0000000100000000)
  eden space 120832K, 100% used [0x00000000e0000000,0x00000000e7600000,0x00000000e7600000)
  from space 17920K, 0% used [0x00000000e7600000,0x00000000e7600000,0x00000000e8780000)
  to   space 22528K, 0% used [0x00000000ea580000,0x00000000ea580000,0x00000000ebb80000)
 ParOldGen       total 290304K, used 39865K [0x00000000a0000000, 0x00000000b1b80000, 0x00000000e0000000)
  object space 290304K, 13% used [0x00000000a0000000,0x00000000a26ee620,0x00000000b1b80000)
 Metaspace       used 61996K, capacity 64070K, committed 64280K, reserved 1103872K
  class space    used 8454K, capacity 8984K, committed 9000K, reserved 1048576K
Event: 7.533 GC heap after
Heap after GC invocations=13 (full 3):
 PSYoungGen      total 154112K, used 8997K [0x00000000e0000000, 0x00000000eb400000, 0x0000000100000000)
  eden space 139264K, 0% used [0x00000000e0000000,0x00000000e0000000,0x00000000e8800000)
  from space 14848K, 60% used [0x00000000ea580000,0x00000000eae49770,0x00000000eb400000)
  to   space 22528K, 0% used [0x00000000e8800000,0x00000000e8800000,0x00000000e9e00000)
 ParOldGen       total 290304K, used 39873K [0x00000000a0000000, 0x00000000b1b80000, 0x00000000e0000000)
  object space 290304K, 13% used [0x00000000a0000000,0x00000000a26f0620,0x00000000b1b80000)
 Metaspace       used 61996K, capacity 64070K, committed 64280K, reserved 1103872K
  class space    used 8454K, capacity 8984K, committed 9000K, reserved 1048576K
}
Event: 8.153 GC heap before
{Heap before GC invocations=14 (full 3):
 PSYoungGen      total 154112K, used 148261K [0x00000000e0000000, 0x00000000eb400000, 0x0000000100000000)
  eden space 139264K, 100% used [0x00000000e0000000,0x00000000e8800000,0x00000000e8800000)
  from space 14848K, 60% used [0x00000000ea580000,0x00000000eae49770,0x00000000eb400000)
  to   space 22528K, 0% used [0x00000000e8800000,0x00000000e8800000,0x00000000e9e00000)
 ParOldGen       total 290304K, used 39873K [0x00000000a0000000, 0x00000000b1b80000, 0x00000000e0000000)
  object space 290304K, 13% used [0x00000000a0000000,0x00000000a26f0620,0x00000000b1b80000)
 Metaspace       used 62836K, capacity 65232K, committed 65560K, reserved 1105920K
  class space    used 8552K, capacity 9134K, committed 9256K, reserved 1048576K
Event: 8.167 GC heap after
Heap after GC invocations=14 (full 3):
 PSYoungGen      total 161792K, used 21332K [0x00000000e0000000, 0x00000000ecf00000, 0x0000000100000000)
  eden space 139264K, 0% used [0x00000000e0000000,0x00000000e0000000,0x00000000e8800000)
  from space 22528K, 94% used [0x00000000e8800000,0x00000000e9cd5358,0x00000000e9e00000)
  to   space 24576K, 0% used [0x00000000eb700000,0x00000000eb700000,0x00000000ecf00000)
 ParOldGen       total 290304K, used 39881K [0x00000000a0000000, 0x00000000b1b80000, 0x00000000e0000000)
  object space 290304K, 13% used [0x00000000a0000000,0x00000000a26f2620,0x00000000b1b80000)
 Metaspace       used 62836K, capacity 65232K, committed 65560K, reserved 1105920K
  class space    used 8552K, capacity 9134K, committed 9256K, reserved 1048576K
}
Event: 9.166 GC heap before
{Heap before GC invocations=15 (full 3):
 PSYoungGen      total 161792K, used 160596K [0x00000000e0000000, 0x00000000ecf00000, 0x0000000100000000)
  eden space 139264K, 100% used [0x00000000e0000000,0x00000000e8800000,0x00000000e8800000)
  from space 22528K, 94% used [0x00000000e8800000,0x00000000e9cd5358,0x00000000e9e00000)
  to   space 24576K, 0% used [0x00000000eb700000,0x00000000eb700000,0x00000000ecf00000)
 ParOldGen       total 290304K, used 39881K [0x00000000a0000000, 0x00000000b1b80000, 0x00000000e0000000)
  object space 290304K, 13% used [0x00000000a0000000,0x00000000a26f2620,0x00000000b1b80000)
 Metaspace       used 67953K, capacity 70776K, committed 71064K, reserved 1110016K
  class space    used 9373K, capacity 10043K, committed 10152K, reserved 1048576K
Event: 9.186 GC heap after
Heap after GC invocations=15 (full 3):
 PSYoungGen      total 180224K, used 24545K [0x00000000e0000000, 0x00000000ede00000, 0x0000000100000000)
  eden space 155648K, 0% used [0x00000000e0000000,0x00000000e0000000,0x00000000e9800000)
  from space 24576K, 99% used [0x00000000eb700000,0x00000000ecef84c0,0x00000000ecf00000)
  to   space 31744K, 0% used [0x00000000e9800000,0x00000000e9800000,0x00000000eb700000)
 ParOldGen       total 290304K, used 50203K [0x00000000a0000000, 0x00000000b1b80000, 0x00000000e0000000)
  object space 290304K, 17% used [0x00000000a0000000,0x00000000a3106cb0,0x00000000b1b80000)
 Metaspace       used 67953K, capacity 70776K, committed 71064K, reserved 1110016K
  class space    used 9373K, capacity 10043K, committed 10152K, reserved 1048576K
}

