# JRE version: OpenJDK Runtime Environment (8.0_202-b03) (build 1.8.0_202-release-1483-b03)
# Java VM: OpenJDK 64-Bit Server VM (25.202-b03 mixed mode windows-amd64 compressed oops)
Heap:
 PSYoungGen      total 152576K, used 52114K [0x00000000e0000000, 0x00000000ea780000, 0x0000000100000000)
  eden space 133632K, 38% used [0x00000000e0000000,0x00000000e32e4a50,0x00000000e8280000)
  from space 18944K, 0% used [0x00000000e8280000,0x00000000e8280000,0x00000000e9500000)
  to   space 15872K, 0% used [0x00000000e9700000,0x00000000e9700000,0x00000000ea680000)
 ParOldGen       total 104448K, used 36319K [0x00000000a0000000, 0x00000000a6600000, 0x00000000e0000000)
  object space 104448K, 34% used [0x00000000a0000000,0x00000000a2377db0,0x00000000a6600000)
 Metaspace       used 60352K, capacity 62224K, committed 62424K, reserved 1103872K
  class space    used 8185K, capacity 8632K, committed 8704K, reserved 1048576K
GC Heap History (10 events):
Event: 7.913 GC heap before
{Heap before GC invocations=8 (full 2):
 PSYoungGen      total 118272K, used 12285K [0x00000000e0000000, 0x00000000e8380000, 0x0000000100000000)
  eden space 105984K, 0% used [0x00000000e0000000,0x00000000e0000000,0x00000000e6780000)
  from space 12288K, 99% used [0x00000000e7600000,0x00000000e81ff6d8,0x00000000e8200000)
  to   space 14336K, 0% used [0x00000000e6780000,0x00000000e6780000,0x00000000e7580000)
 ParOldGen       total 104448K, used 11974K [0x00000000a0000000, 0x00000000a6600000, 0x00000000e0000000)
  object space 104448K, 11% used [0x00000000a0000000,0x00000000a0bb1920,0x00000000a6600000)
 Metaspace       used 34443K, capacity 35200K, committed 35416K, reserved 1079296K
  class space    used 4726K, capacity 4905K, committed 4992K, reserved 1048576K
Event: 7.982 GC heap after
Heap after GC invocations=8 (full 2):
 PSYoungGen      total 118272K, used 0K [0x00000000e0000000, 0x00000000e8380000, 0x0000000100000000)
  eden space 105984K, 0% used [0x00000000e0000000,0x00000000e0000000,0x00000000e6780000)
  from space 12288K, 0% used [0x00000000e7600000,0x00000000e7600000,0x00000000e8200000)
  to   space 14336K, 0% used [0x00000000e6780000,0x00000000e6780000,0x00000000e7580000)
 ParOldGen       total 104448K, used 19677K [0x00000000a0000000, 0x00000000a6600000, 0x00000000e0000000)
  object space 104448K, 18% used [0x00000000a0000000,0x00000000a1337498,0x00000000a6600000)
 Metaspace       used 34420K, capacity 35122K, committed 35416K, reserved 1079296K
  class space    used 4718K, capacity 4892K, committed 4992K, reserved 1048576K
}
Event: 13.292 GC heap before
{Heap before GC invocations=9 (full 2):
 PSYoungGen      total 118272K, used 105984K [0x00000000e0000000, 0x00000000e8380000, 0x0000000100000000)
  eden space 105984K, 100% used [0x00000000e0000000,0x00000000e6780000,0x00000000e6780000)
  from space 12288K, 0% used [0x00000000e7600000,0x00000000e7600000,0x00000000e8200000)
  to   space 14336K, 0% used [0x00000000e6780000,0x00000000e6780000,0x00000000e7580000)
 ParOldGen       total 104448K, used 19677K [0x00000000a0000000, 0x00000000a6600000, 0x00000000e0000000)
  object space 104448K, 18% used [0x00000000a0000000,0x00000000a1337498,0x00000000a6600000)
 Metaspace       used 45114K, capacity 46108K, committed 46552K, reserved 1089536K
  class space    used 6046K, capacity 6290K, committed 6400K, reserved 1048576K
Event: 13.300 GC heap after
Heap after GC invocations=9 (full 2):
 PSYoungGen      total 120320K, used 14085K [0x00000000e0000000, 0x00000000ea680000, 0x0000000100000000)
  eden space 105984K, 0% used [0x00000000e0000000,0x00000000e0000000,0x00000000e6780000)
  from space 14336K, 98% used [0x00000000e6780000,0x00000000e7541740,0x00000000e7580000)
  to   space 15872K, 0% used [0x00000000e9700000,0x00000000e9700000,0x00000000ea680000)
 ParOldGen       total 104448K, used 19685K [0x00000000a0000000, 0x00000000a6600000, 0x00000000e0000000)
  object space 104448K, 18% used [0x00000000a0000000,0x00000000a1339498,0x00000000a6600000)
 Metaspace       used 45114K, capacity 46108K, committed 46552K, reserved 1089536K
  class space    used 6046K, capacity 6290K, committed 6400K, reserved 1048576K
}
Event: 24.001 GC heap before
{Heap before GC invocations=10 (full 2):
 PSYoungGen      total 120320K, used 120069K [0x00000000e0000000, 0x00000000ea680000, 0x0000000100000000)
  eden space 105984K, 100% used [0x00000000e0000000,0x00000000e6780000,0x00000000e6780000)
  from space 14336K, 98% used [0x00000000e6780000,0x00000000e7541740,0x00000000e7580000)
  to   space 15872K, 0% used [0x00000000e9700000,0x00000000e9700000,0x00000000ea680000)
 ParOldGen       total 104448K, used 19685K [0x00000000a0000000, 0x00000000a6600000, 0x00000000e0000000)
  object space 104448K, 18% used [0x00000000a0000000,0x00000000a1339498,0x00000000a6600000)
 Metaspace       used 53014K, capacity 54538K, committed 54616K, reserved 1095680K
  class space    used 7149K, capacity 7534K, committed 7552K, reserved 1048576K
Event: 24.011 GC heap after
Heap after GC invocations=10 (full 2):
 PSYoungGen      total 149504K, used 15841K [0x00000000e0000000, 0x00000000ea780000, 0x0000000100000000)
  eden space 133632K, 0% used [0x00000000e0000000,0x00000000e0000000,0x00000000e8280000)
  from space 15872K, 99% used [0x00000000e9700000,0x00000000ea678748,0x00000000ea680000)
  to   space 18944K, 0% used [0x00000000e8280000,0x00000000e8280000,0x00000000e9500000)
 ParOldGen       total 104448K, used 22350K [0x00000000a0000000, 0x00000000a6600000, 0x00000000e0000000)
  object space 104448K, 21% used [0x00000000a0000000,0x00000000a15d3830,0x00000000a6600000)
 Metaspace       used 53014K, capacity 54538K, committed 54616K, reserved 1095680K
  class space    used 7149K, capacity 7534K, committed 7552K, reserved 1048576K
}
Event: 27.152 GC heap before
{Heap before GC invocations=11 (full 2):
 PSYoungGen      total 149504K, used 89915K [0x00000000e0000000, 0x00000000ea780000, 0x0000000100000000)
  eden space 133632K, 55% used [0x00000000e0000000,0x00000000e48567a8,0x00000000e8280000)
  from space 15872K, 99% used [0x00000000e9700000,0x00000000ea678748,0x00000000ea680000)
  to   space 18944K, 0% used [0x00000000e8280000,0x00000000e8280000,0x00000000e9500000)
 ParOldGen       total 104448K, used 22350K [0x00000000a0000000, 0x00000000a6600000, 0x00000000e0000000)
  object space 104448K, 21% used [0x00000000a0000000,0x00000000a15d3830,0x00000000a6600000)
 Metaspace       used 57101K, capacity 58916K, committed 59028K, reserved 1099776K
  class space    used 7679K, capacity 8128K, committed 8192K, reserved 1048576K
Event: 27.167 GC heap after
Heap after GC invocations=11 (full 2):
 PSYoungGen      total 152576K, used 18932K [0x00000000e0000000, 0x00000000ea780000, 0x0000000100000000)
  eden space 133632K, 0% used [0x00000000e0000000,0x00000000e0000000,0x00000000e8280000)
  from space 18944K, 99% used [0x00000000e8280000,0x00000000e94fd070,0x00000000e9500000)
  to   space 15872K, 0% used [0x00000000e9700000,0x00000000e9700000,0x00000000ea680000)
 ParOldGen       total 104448K, used 22982K [0x00000000a0000000, 0x00000000a6600000, 0x00000000e0000000)
  object space 104448K, 22% used [0x00000000a0000000,0x00000000a1671a80,0x00000000a6600000)
 Metaspace       used 57101K, capacity 58916K, committed 59028K, reserved 1099776K
  class space    used 7679K, capacity 8128K, committed 8192K, reserved 1048576K
}
Event: 27.167 GC heap before
{Heap before GC invocations=12 (full 3):
 PSYoungGen      total 152576K, used 18932K [0x00000000e0000000, 0x00000000ea780000, 0x0000000100000000)
  eden space 133632K, 0% used [0x00000000e0000000,0x00000000e0000000,0x00000000e8280000)
  from space 18944K, 99% used [0x00000000e8280000,0x00000000e94fd070,0x00000000e9500000)
  to   space 15872K, 0% used [0x00000000e9700000,0x00000000e9700000,0x00000000ea680000)
 ParOldGen       total 104448K, used 22982K [0x00000000a0000000, 0x00000000a6600000, 0x00000000e0000000)
  object space 104448K, 22% used [0x00000000a0000000,0x00000000a1671a80,0x00000000a6600000)
 Metaspace       used 57101K, capacity 58916K, committed 59028K, reserved 1099776K
  class space    used 7679K, capacity 8128K, committed 8192K, reserved 1048576K
Event: 27.375 GC heap after
Heap after GC invocations=12 (full 3):
 PSYoungGen      total 152576K, used 0K [0x00000000e0000000, 0x00000000ea780000, 0x0000000100000000)
  eden space 133632K, 0% used [0x00000000e0000000,0x00000000e0000000,0x00000000e8280000)
  from space 18944K, 0% used [0x00000000e8280000,0x00000000e8280000,0x00000000e9500000)
  to   space 15872K, 0% used [0x00000000e9700000,0x00000000e9700000,0x00000000ea680000)
 ParOldGen       total 104448K, used 36319K [0x00000000a0000000, 0x00000000a6600000, 0x00000000e0000000)
  object space 104448K, 34% used [0x00000000a0000000,0x00000000a2377db0,0x00000000a6600000)
 Metaspace       used 57101K, capacity 58916K, committed 59028K, reserved 1099776K
  class space    used 7679K, capacity 8128K, committed 8192K, reserved 1048576K
}

